<?xml version="1.0" encoding="UTF-8" ?>
<testsuite tests="1" failures="1" name="TestRunner.TestRun" time="58.646" errors="0" skipped="0">
  <properties>
    <property name="java.runtime.name" value="Java(TM) SE Runtime Environment"/>
    <property name="sun.boot.library.path" value="C:\Program Files\Java\jdk1.8.0_211\jre\bin"/>
    <property name="java.vm.version" value="25.211-b12"/>
    <property name="java.vm.vendor" value="Oracle Corporation"/>
    <property name="maven.multiModuleProjectDirectory" value="D:\AutomationFramework\AutomationFramework"/>
    <property name="java.vendor.url" value="http://java.oracle.com/"/>
    <property name="path.separator" value=";"/>
    <property name="guice.disable.misplaced.annotation.check" value="true"/>
    <property name="java.vm.name" value="Java HotSpot(TM) Client VM"/>
    <property name="file.encoding.pkg" value="sun.io"/>
    <property name="user.script" value=""/>
    <property name="user.country" value="US"/>
    <property name="sun.java.launcher" value="SUN_STANDARD"/>
    <property name="sun.os.patch.level" value=""/>
    <property name="java.vm.specification.name" value="Java Virtual Machine Specification"/>
    <property name="user.dir" value="D:\AutomationFramework\AutomationFramework"/>
    <property name="java.runtime.version" value="1.8.0_211-b12"/>
    <property name="java.awt.graphicsenv" value="sun.awt.Win32GraphicsEnvironment"/>
    <property name="java.endorsed.dirs" value="C:\Program Files\Java\jdk1.8.0_211\jre\lib\endorsed"/>
    <property name="os.arch" value="x86"/>
    <property name="java.io.tmpdir" value="C:\Users\SAGARC~1\AppData\Local\Temp\"/>
    <property name="line.separator" value="
"/>
    <property name="java.vm.specification.vendor" value="Oracle Corporation"/>
    <property name="user.variant" value=""/>
    <property name="os.name" value="Windows 7"/>
    <property name="classworlds.conf" value="D:\apache-maven-3.6.3\bin\..\bin\m2.conf"/>
    <property name="sun.jnu.encoding" value="Cp1252"/>
    <property name="java.library.path" value="C:\Program Files\Java\jdk1.8.0_211\bin;C:\Windows\Sun\Java\bin;C:\Windows\system32;C:\Windows;C:\Windows\system32;C:\Windows\System32\Wbem;C:\Windows\System32\WindowsPowerShell\v1.0\;%JAVA_HOME\bin%;C:\Program Files\Git\cmd;C:\Program Files\PuTTY\;C:\Program Files\Java\jdk1.8.0_211\bin\;D:\apache-maven-3.6.3\bin\;."/>
    <property name="maven.conf" value="D:\apache-maven-3.6.3\bin\../conf"/>
    <property name="java.specification.name" value="Java Platform API Specification"/>
    <property name="java.class.version" value="52.0"/>
    <property name="sun.management.compiler" value="HotSpot Client Compiler"/>
    <property name="os.version" value="6.1"/>
    <property name="library.jansi.path" value="D:\apache-maven-3.6.3\bin\..\lib\jansi-native"/>
    <property name="user.home" value="C:\Users\Sagar Chawla"/>
    <property name="user.timezone" value="Asia/Calcutta"/>
    <property name="java.awt.printerjob" value="sun.awt.windows.WPrinterJob"/>
    <property name="java.specification.version" value="1.8"/>
    <property name="file.encoding" value="Cp1252"/>
    <property name="user.name" value="Sagar Chawla"/>
    <property name="java.class.path" value="D:\apache-maven-3.6.3\bin\..\boot\plexus-classworlds-2.6.0.jar"/>
    <property name="java.vm.specification.version" value="1.8"/>
    <property name="sun.arch.data.model" value="32"/>
    <property name="java.home" value="C:\Program Files\Java\jdk1.8.0_211\jre"/>
    <property name="sun.java.command" value="org.codehaus.plexus.classworlds.launcher.Launcher test"/>
    <property name="java.specification.vendor" value="Oracle Corporation"/>
    <property name="user.language" value="en"/>
    <property name="awt.toolkit" value="sun.awt.windows.WToolkit"/>
    <property name="java.vm.info" value="mixed mode, sharing"/>
    <property name="java.version" value="1.8.0_211"/>
    <property name="java.ext.dirs" value="C:\Program Files\Java\jdk1.8.0_211\jre\lib\ext;C:\Windows\Sun\Java\lib\ext"/>
    <property name="sun.boot.class.path" value="C:\Program Files\Java\jdk1.8.0_211\jre\lib\resources.jar;C:\Program Files\Java\jdk1.8.0_211\jre\lib\rt.jar;C:\Program Files\Java\jdk1.8.0_211\jre\lib\sunrsasign.jar;C:\Program Files\Java\jdk1.8.0_211\jre\lib\jsse.jar;C:\Program Files\Java\jdk1.8.0_211\jre\lib\jce.jar;C:\Program Files\Java\jdk1.8.0_211\jre\lib\charsets.jar;C:\Program Files\Java\jdk1.8.0_211\jre\lib\jfr.jar;C:\Program Files\Java\jdk1.8.0_211\jre\classes"/>
    <property name="sun.stderr.encoding" value="cp437"/>
    <property name="java.vendor" value="Oracle Corporation"/>
    <property name="maven.home" value="D:\apache-maven-3.6.3\bin\.."/>
    <property name="file.separator" value="\"/>
    <property name="java.vendor.url.bug" value="http://bugreport.sun.com/bugreport/"/>
    <property name="sun.cpu.endian" value="little"/>
    <property name="sun.io.unicode.encoding" value="UnicodeLittle"/>
    <property name="sun.stdout.encoding" value="cp437"/>
    <property name="sun.desktop" value="windows"/>
    <property name="sun.cpu.isalist" value="pentium_pro+mmx pentium_pro pentium+mmx pentium i486 i386 i86"/>
  </properties>
  <testcase classname="TestRunner.TestRun" name="runScenario" time="58.646">
    <failure message="Test failed with exception ---&gt; org.openqa.selenium.TimeoutException: Supplied function might have stalled
Build info: version: &apos;4.0.0-alpha-5&apos;, revision: &apos;b3a0d621cc&apos;
System info: host: &apos;SAGARCHAWLA-PC&apos;, ip: &apos;192.168.1.102&apos;, os.name: &apos;Windows 7&apos;, os.arch: &apos;x86&apos;, os.version: &apos;6.1&apos;, java.version: &apos;1.8.0_211&apos;
Driver info: driver.version: unknown" type="java.lang.AssertionError">java.lang.AssertionError: Test failed with exception ---&gt; org.openqa.selenium.TimeoutException: Supplied function might have stalled
Build info: version: &apos;4.0.0-alpha-5&apos;, revision: &apos;b3a0d621cc&apos;
System info: host: &apos;SAGARCHAWLA-PC&apos;, ip: &apos;192.168.1.102&apos;, os.name: &apos;Windows 7&apos;, os.arch: &apos;x86&apos;, os.version: &apos;6.1&apos;, java.version: &apos;1.8.0_211&apos;
Driver info: driver.version: unknown
	at org.testng.Assert.fail(Assert.java:97)
	at utilities.PageActions.findObject(PageActions.java:156)
	at utilities.PageActions.setText(PageActions.java:142)
	at pageObjects.LoginPage.setPassword(LoginPage.java:34)
	at stepDefinitions.Steps.user_enters_Email_as_and_Password_as(Steps.java:33)
	at âœ½.User enters Email as &quot;admin@yourstore.com&quot; and Password as &quot;admin&quot;(file:Features/Login.feature:7)
</failure>
    <system-out>Configuring TestNG with: org.apache.maven.surefire.testng.conf.TestNG652Configurator@1975490
[DEBUG] Using SLF4J as the default logging framework
[DEBUG] -Dio.netty.leakDetection.level: simple
[DEBUG] -Dio.netty.leakDetection.targetRecords: 4
[DEBUG] Loaded default ResourceLeakDetector: io.netty.util.ResourceLeakDetector@ffa91a
[DEBUG] Platform: Windows
[DEBUG] -Dio.netty.noUnsafe: false
[DEBUG] Java version: 8
[DEBUG] sun.misc.Unsafe.theUnsafe: available
[DEBUG] sun.misc.Unsafe.copyMemory: available
[DEBUG] java.nio.Buffer.address: available
[DEBUG] direct buffer constructor: available
[DEBUG] java.nio.Bits.unaligned: available, true
[DEBUG] jdk.internal.misc.Unsafe.allocateUninitializedArray(int): unavailable prior to Java9
[DEBUG] java.nio.DirectByteBuffer.&lt;init&gt;(long, int): available
[DEBUG] sun.misc.Unsafe: available
[DEBUG] -Dio.netty.tmpdir: C:\Users\SAGARC~1\AppData\Local\Temp (java.io.tmpdir)
[DEBUG] -Dio.netty.bitMode: 32 (sun.arch.data.model)
[DEBUG] -Dio.netty.maxDirectMemory: 259522560 bytes
[DEBUG] -Dio.netty.uninitializedArrayAllocationThreshold: -1
[DEBUG] java.nio.ByteBuffer.cleaner(): available
[DEBUG] -Dio.netty.noPreferDirect: false
[DEBUG] org.jctools-core.MpscChunkedArrayQueue: available
[DEBUG] Default protocols (JDK): [TLSv1.2, TLSv1.1, TLSv1] 
[DEBUG] Default cipher suites (JDK): [TLS_ECDHE_ECDSA_WITH_AES_256_GCM_SHA384, TLS_ECDHE_ECDSA_WITH_AES_128_GCM_SHA256, TLS_ECDHE_RSA_WITH_AES_128_GCM_SHA256, TLS_ECDHE_RSA_WITH_AES_256_GCM_SHA384, TLS_ECDHE_RSA_WITH_AES_128_CBC_SHA, TLS_ECDHE_RSA_WITH_AES_256_CBC_SHA, TLS_RSA_WITH_AES_128_GCM_SHA256, TLS_RSA_WITH_AES_128_CBC_SHA, TLS_RSA_WITH_AES_256_CBC_SHA]
[DEBUG] -Dio.netty.threadLocalMap.stringBuilder.initialSize: 1024
[DEBUG] -Dio.netty.threadLocalMap.stringBuilder.maxSize: 4096
[DEBUG] -Dio.netty.eventLoopThreads: 8
[DEBUG] -Dio.netty.noKeySetOptimization: false
[DEBUG] -Dio.netty.selectorAutoRebuildThreshold: 512
[DEBUG] -Dio.netty.allocator.numHeapArenas: 2
[DEBUG] -Dio.netty.allocator.numDirectArenas: 2
[DEBUG] -Dio.netty.allocator.pageSize: 8192
[DEBUG] -Dio.netty.allocator.maxOrder: 11
[DEBUG] -Dio.netty.allocator.chunkSize: 16777216
[DEBUG] -Dio.netty.allocator.tinyCacheSize: 512
[DEBUG] -Dio.netty.allocator.smallCacheSize: 256
[DEBUG] -Dio.netty.allocator.normalCacheSize: 64
[DEBUG] -Dio.netty.allocator.maxCachedBufferCapacity: 32768
[DEBUG] -Dio.netty.allocator.cacheTrimInterval: 8192
[DEBUG] -Dio.netty.allocator.cacheTrimIntervalMillis: 0
[DEBUG] -Dio.netty.allocator.useCacheForAllThreads: true
[DEBUG] -Dio.netty.allocator.maxCachedByteBuffersPerChunk: 1023
[DEBUG] -Dio.netty.allocator.type: pooled
[DEBUG] -Dio.netty.threadLocalDirectBufferSize: 0
[DEBUG] -Dio.netty.maxThreadLocalCharBufferSize: 16384
[DEBUG] -Dio.netty.processId: 4496 (auto-detected)
[DEBUG] -Djava.net.preferIPv4Stack: false
[DEBUG] -Djava.net.preferIPv6Addresses: false
[DEBUG] Loopback interface: lo (Software Loopback Interface 1, 127.0.0.1)
[DEBUG] Failed to get SOMAXCONN from sysctl and file \proc\sys\net\core\somaxconn. Default: 200
[DEBUG] -Dio.netty.machineId: 78:e4:00:ff:fe:b5:a5:64 (auto-detected)
[DEBUG] -Dio.netty.buffer.checkAccessible: true
[DEBUG] -Dio.netty.buffer.checkBounds: true
[DEBUG] Loaded default ResourceLeakDetector: io.netty.util.ResourceLeakDetector@3593b2
[DEBUG] Using new Channel &apos;[id: 0xb53da701, L:/127.0.0.1:49341 - R:localhost/127.0.0.1:46922]&apos; for &apos;POST&apos; to &apos;/session&apos;
[DEBUG] -Dio.netty.recycler.maxCapacityPerThread: 4096
[DEBUG] -Dio.netty.recycler.maxSharedCapacityFactor: 2
[DEBUG] -Dio.netty.recycler.linkCapacity: 16
[DEBUG] -Dio.netty.recycler.ratio: 8
[DEBUG] 

Request DefaultHttpRequest(decodeResult: success, version: HTTP/1.1)
POST /session HTTP/1.1
User-Agent: selenium/4.0.0-alpha-5 (java windows)
Content-Length: 1111
Content-Type: application/json; charset=utf-8
host: localhost:46922
accept: */*

Response DefaultHttpResponse(decodeResult: success, version: HTTP/1.1)
HTTP/1.1 200 OK
Content-Length: 718
Content-Type: application/json; charset=utf-8
cache-control: no-cache

[DEBUG] Adding key: http://localhost:46922 for channel [id: 0xb53da701, L:/127.0.0.1:49341 - R:localhost/127.0.0.1:46922]
[DEBUG] Using new Channel &apos;[id: 0x41ea9193, L:/127.0.0.1:49349 - R:localhost/127.0.0.1:49342]&apos; for &apos;GET&apos; to &apos;/json/version&apos;
[DEBUG] 

Request DefaultFullHttpRequest(decodeResult: success, version: HTTP/1.1, content: EmptyByteBufBE)
GET /json/version HTTP/1.1
User-Agent: selenium/4.0.0-alpha-5 (java windows)
host: localhost:49342
accept: */*

Response DefaultHttpResponse(decodeResult: success, version: HTTP/1.1)
HTTP/1.1 200 OK
Content-Length: 415
Content-Type: application/json; charset=UTF-8

[DEBUG] Adding key: http://localhost:49342 for channel [id: 0x41ea9193, L:/127.0.0.1:49349 - R:localhost/127.0.0.1:49342]
[DEBUG] -Dio.netty.initialSeedUniquifier: 0x99aac06866e79dac
[DEBUG] Using new Channel &apos;[id: 0x665bbc23, L:/127.0.0.1:49350 - R:localhost/127.0.0.1:49342]&apos; for &apos;GET&apos; to &apos;/devtools/browser/f41646a8-ef56-4cfd-9657-c84832ad7231&apos;
[DEBUG] 

Request DefaultFullHttpRequest(decodeResult: success, version: HTTP/1.1, content: EmptyByteBufBE)
GET /devtools/browser/f41646a8-ef56-4cfd-9657-c84832ad7231 HTTP/1.1
upgrade: websocket
connection: upgrade
sec-websocket-key: 20IImhO6wDkY7Ft0K9HAnw==
sec-websocket-version: 13
origin: http://localhost:49342
host: localhost:49342
accept: */*
user-agent: AHC/2.1

Response DefaultHttpResponse(decodeResult: success, version: HTTP/1.1)
HTTP/1.1 101 WebSocket Protocol Handshake
Upgrade: WebSocket
Connection: Upgrade
Sec-WebSocket-Accept: zJkrxBOWts0W/0CO+JxTzeV4oOc=

[DEBUG] Using pooled Channel &apos;[id: 0xb53da701, L:/127.0.0.1:49341 - R:localhost/127.0.0.1:46922]&apos; for &apos;POST&apos; to &apos;http://localhost:46922/session/7841cf8a552679a54395c90ee180e920/window/maximize&apos;
[DEBUG] Using open Channel [id: 0xb53da701, L:/127.0.0.1:49341 - R:localhost/127.0.0.1:46922] for POST &apos;/session/7841cf8a552679a54395c90ee180e920/window/maximize&apos;
[DEBUG] Entry count for : http://localhost:49342 : 1
[DEBUG] 

Request DefaultHttpRequest(decodeResult: success, version: HTTP/1.1)
POST /session/7841cf8a552679a54395c90ee180e920/window/maximize HTTP/1.1
User-Agent: selenium/4.0.0-alpha-5 (java windows)
Content-Length: 3
Content-Type: application/json; charset=utf-8
host: localhost:46922
accept: */*

Response DefaultHttpResponse(decodeResult: success, version: HTTP/1.1)
HTTP/1.1 200 OK
Content-Length: 51
Content-Type: application/json; charset=utf-8
cache-control: no-cache

[DEBUG] Adding key: http://localhost:46922 for channel [id: 0xb53da701, L:/127.0.0.1:49341 - R:localhost/127.0.0.1:46922]
[DEBUG] Using pooled Channel &apos;[id: 0xb53da701, L:/127.0.0.1:49341 - R:localhost/127.0.0.1:46922]&apos; for &apos;DELETE&apos; to &apos;http://localhost:46922/session/7841cf8a552679a54395c90ee180e920/cookie&apos;
[DEBUG] Using open Channel [id: 0xb53da701, L:/127.0.0.1:49341 - R:localhost/127.0.0.1:46922] for DELETE &apos;/session/7841cf8a552679a54395c90ee180e920/cookie&apos;
[DEBUG] Entry count for : http://localhost:49342 : 1
[DEBUG] 

Request DefaultFullHttpRequest(decodeResult: success, version: HTTP/1.1, content: EmptyByteBufBE)
DELETE /session/7841cf8a552679a54395c90ee180e920/cookie HTTP/1.1
User-Agent: selenium/4.0.0-alpha-5 (java windows)
host: localhost:46922
accept: */*

Response DefaultHttpResponse(decodeResult: success, version: HTTP/1.1)
HTTP/1.1 200 OK
Content-Length: 14
Content-Type: application/json; charset=utf-8
cache-control: no-cache

[DEBUG] Adding key: http://localhost:46922 for channel [id: 0xb53da701, L:/127.0.0.1:49341 - R:localhost/127.0.0.1:46922]
 INFO [main] (DriverManager.java:66)- *****Browser launched : chrome*****
[DEBUG] Using pooled Channel &apos;[id: 0xb53da701, L:/127.0.0.1:49341 - R:localhost/127.0.0.1:46922]&apos; for &apos;POST&apos; to &apos;http://localhost:46922/session/7841cf8a552679a54395c90ee180e920/url&apos;
[DEBUG] Using open Channel [id: 0xb53da701, L:/127.0.0.1:49341 - R:localhost/127.0.0.1:46922] for POST &apos;/session/7841cf8a552679a54395c90ee180e920/url&apos;
[DEBUG] 

Request DefaultHttpRequest(decodeResult: success, version: HTTP/1.1)
POST /session/7841cf8a552679a54395c90ee180e920/url HTTP/1.1
User-Agent: selenium/4.0.0-alpha-5 (java windows)
Content-Length: 69
Content-Type: application/json; charset=utf-8
host: localhost:46922
accept: */*

Response DefaultHttpResponse(decodeResult: success, version: HTTP/1.1)
HTTP/1.1 200 OK
Content-Length: 14
Content-Type: application/json; charset=utf-8
cache-control: no-cache

[DEBUG] Adding key: http://localhost:46922 for channel [id: 0xb53da701, L:/127.0.0.1:49341 - R:localhost/127.0.0.1:46922]
 INFO [main] (PageActions.java:58)- *****Launched url : http://admin-demo.nopcommerce.com/login*****
[DEBUG] Entry count for : http://localhost:49342 : 1
[DEBUG] Entry count for : http://localhost:46922 : 1
[DEBUG] Using pooled Channel &apos;[id: 0xb53da701, L:/127.0.0.1:49341 - R:localhost/127.0.0.1:46922]&apos; for &apos;POST&apos; to &apos;http://localhost:46922/session/7841cf8a552679a54395c90ee180e920/element&apos;
[DEBUG] Using open Channel [id: 0xb53da701, L:/127.0.0.1:49341 - R:localhost/127.0.0.1:46922] for POST &apos;/session/7841cf8a552679a54395c90ee180e920/element&apos;
[DEBUG] Entry count for : http://localhost:49342 : 1
[DEBUG] Entry count for : http://localhost:49342 : 1
[DEBUG] Entry count for : http://localhost:49342 : 1
[DEBUG] 

Request DefaultHttpRequest(decodeResult: success, version: HTTP/1.1)
POST /session/7841cf8a552679a54395c90ee180e920/element HTTP/1.1
User-Agent: selenium/4.0.0-alpha-5 (java windows)
Content-Length: 70
Content-Type: application/json; charset=utf-8
host: localhost:46922
accept: */*

Response DefaultHttpResponse(decodeResult: success, version: HTTP/1.1)
HTTP/1.1 404 Not Found
Content-Length: 1037
Content-Type: application/json; charset=utf-8
cache-control: no-cache

[DEBUG] Adding key: http://localhost:46922 for channel [id: 0xb53da701, L:/127.0.0.1:49341 - R:localhost/127.0.0.1:46922]
[DEBUG] Entry count for : http://localhost:49342 : 1
[DEBUG] Entry count for : http://localhost:46922 : 1
[DEBUG] Using pooled Channel &apos;[id: 0xb53da701, L:/127.0.0.1:49341 - R:localhost/127.0.0.1:46922]&apos; for &apos;POST&apos; to &apos;http://localhost:46922/session/7841cf8a552679a54395c90ee180e920/element&apos;
[DEBUG] Using open Channel [id: 0xb53da701, L:/127.0.0.1:49341 - R:localhost/127.0.0.1:46922] for POST &apos;/session/7841cf8a552679a54395c90ee180e920/element&apos;
[DEBUG] 

Request DefaultHttpRequest(decodeResult: success, version: HTTP/1.1)
POST /session/7841cf8a552679a54395c90ee180e920/element HTTP/1.1
User-Agent: selenium/4.0.0-alpha-5 (java windows)
Content-Length: 70
Content-Type: application/json; charset=utf-8
host: localhost:46922
accept: */*

Response DefaultHttpResponse(decodeResult: success, version: HTTP/1.1)
HTTP/1.1 200 OK
Content-Length: 88
Content-Type: application/json; charset=utf-8
cache-control: no-cache

[DEBUG] Adding key: http://localhost:46922 for channel [id: 0xb53da701, L:/127.0.0.1:49341 - R:localhost/127.0.0.1:46922]
[DEBUG] Using pooled Channel &apos;[id: 0xb53da701, L:/127.0.0.1:49341 - R:localhost/127.0.0.1:46922]&apos; for &apos;POST&apos; to &apos;http://localhost:46922/session/7841cf8a552679a54395c90ee180e920/execute/sync&apos;
[DEBUG] Using open Channel [id: 0xb53da701, L:/127.0.0.1:49341 - R:localhost/127.0.0.1:46922] for POST &apos;/session/7841cf8a552679a54395c90ee180e920/execute/sync&apos;
[DEBUG] 

Request DefaultHttpRequest(decodeResult: success, version: HTTP/1.1)
POST /session/7841cf8a552679a54395c90ee180e920/execute/sync HTTP/1.1
User-Agent: selenium/4.0.0-alpha-5 (java windows)
Content-Length: 49163
Content-Type: application/json; charset=utf-8
host: localhost:46922
accept: */*

Response DefaultHttpResponse(decodeResult: success, version: HTTP/1.1)
HTTP/1.1 200 OK
Content-Length: 14
Content-Type: application/json; charset=utf-8
cache-control: no-cache

[DEBUG] Adding key: http://localhost:46922 for channel [id: 0xb53da701, L:/127.0.0.1:49341 - R:localhost/127.0.0.1:46922]
 INFO [main] (PageActions.java:153)- *****Element By.xpath: //input[@class=&apos;email&apos;] found on the page*****
[DEBUG] Using pooled Channel &apos;[id: 0xb53da701, L:/127.0.0.1:49341 - R:localhost/127.0.0.1:46922]&apos; for &apos;POST&apos; to &apos;http://localhost:46922/session/7841cf8a552679a54395c90ee180e920/element/bd0ca969-c88d-456f-aad8-7a8f79e8e304/clear&apos;
[DEBUG] Using open Channel [id: 0xb53da701, L:/127.0.0.1:49341 - R:localhost/127.0.0.1:46922] for POST &apos;/session/7841cf8a552679a54395c90ee180e920/element/bd0ca969-c88d-456f-aad8-7a8f79e8e304/clear&apos;
[DEBUG] 

Request DefaultHttpRequest(decodeResult: success, version: HTTP/1.1)
POST /session/7841cf8a552679a54395c90ee180e920/element/bd0ca969-c88d-456f-aad8-7a8f79e8e304/clear HTTP/1.1
User-Agent: selenium/4.0.0-alpha-5 (java windows)
Content-Length: 50
Content-Type: application/json; charset=utf-8
host: localhost:46922
accept: */*

Response DefaultHttpResponse(decodeResult: success, version: HTTP/1.1)
HTTP/1.1 200 OK
Content-Length: 14
Content-Type: application/json; charset=utf-8
cache-control: no-cache

[DEBUG] Adding key: http://localhost:46922 for channel [id: 0xb53da701, L:/127.0.0.1:49341 - R:localhost/127.0.0.1:46922]
[DEBUG] Using pooled Channel &apos;[id: 0xb53da701, L:/127.0.0.1:49341 - R:localhost/127.0.0.1:46922]&apos; for &apos;POST&apos; to &apos;http://localhost:46922/session/7841cf8a552679a54395c90ee180e920/element/bd0ca969-c88d-456f-aad8-7a8f79e8e304/value&apos;
[DEBUG] Using open Channel [id: 0xb53da701, L:/127.0.0.1:49341 - R:localhost/127.0.0.1:46922] for POST &apos;/session/7841cf8a552679a54395c90ee180e920/element/bd0ca969-c88d-456f-aad8-7a8f79e8e304/value&apos;
[DEBUG] 

Request DefaultHttpRequest(decodeResult: success, version: HTTP/1.1)
POST /session/7841cf8a552679a54395c90ee180e920/element/bd0ca969-c88d-456f-aad8-7a8f79e8e304/value HTTP/1.1
User-Agent: selenium/4.0.0-alpha-5 (java windows)
Content-Length: 271
Content-Type: application/json; charset=utf-8
host: localhost:46922
accept: */*

Response DefaultHttpResponse(decodeResult: success, version: HTTP/1.1)
HTTP/1.1 200 OK
Content-Length: 14
Content-Type: application/json; charset=utf-8
cache-control: no-cache

[DEBUG] Adding key: http://localhost:46922 for channel [id: 0xb53da701, L:/127.0.0.1:49341 - R:localhost/127.0.0.1:46922]
 INFO [main] (PageActions.java:135)- *****Text: admin@yourstore.com entered in [[ChromeDriver: chrome on WINDOWS (7841cf8a552679a54395c90ee180e920)] -&gt; xpath: //input[@class=&apos;email&apos;]]*****
[DEBUG] Using pooled Channel &apos;[id: 0xb53da701, L:/127.0.0.1:49341 - R:localhost/127.0.0.1:46922]&apos; for &apos;POST&apos; to &apos;http://localhost:46922/session/7841cf8a552679a54395c90ee180e920/element&apos;
[DEBUG] Using open Channel [id: 0xb53da701, L:/127.0.0.1:49341 - R:localhost/127.0.0.1:46922] for POST &apos;/session/7841cf8a552679a54395c90ee180e920/element&apos;
[DEBUG] 

Request DefaultHttpRequest(decodeResult: success, version: HTTP/1.1)
POST /session/7841cf8a552679a54395c90ee180e920/element HTTP/1.1
User-Agent: selenium/4.0.0-alpha-5 (java windows)
Content-Length: 54
Content-Type: application/json; charset=utf-8
host: localhost:46922
accept: */*

Response DefaultHttpResponse(decodeResult: success, version: HTTP/1.1)
HTTP/1.1 404 Not Found
Content-Length: 1031
Content-Type: application/json; charset=utf-8
cache-control: no-cache

[DEBUG] Adding key: http://localhost:46922 for channel [id: 0xb53da701, L:/127.0.0.1:49341 - R:localhost/127.0.0.1:46922]
[DEBUG] Entry count for : http://localhost:49342 : 1
[DEBUG] Entry count for : http://localhost:46922 : 1
[DEBUG] Using pooled Channel &apos;[id: 0xb53da701, L:/127.0.0.1:49341 - R:localhost/127.0.0.1:46922]&apos; for &apos;POST&apos; to &apos;http://localhost:46922/session/7841cf8a552679a54395c90ee180e920/element&apos;
[DEBUG] Using open Channel [id: 0xb53da701, L:/127.0.0.1:49341 - R:localhost/127.0.0.1:46922] for POST &apos;/session/7841cf8a552679a54395c90ee180e920/element&apos;
[DEBUG] 

Request DefaultHttpRequest(decodeResult: success, version: HTTP/1.1)
POST /session/7841cf8a552679a54395c90ee180e920/element HTTP/1.1
User-Agent: selenium/4.0.0-alpha-5 (java windows)
Content-Length: 54
Content-Type: application/json; charset=utf-8
host: localhost:46922
accept: */*

Response DefaultHttpResponse(decodeResult: success, version: HTTP/1.1)
HTTP/1.1 404 Not Found
Content-Length: 1031
Content-Type: application/json; charset=utf-8
cache-control: no-cache

[DEBUG] Adding key: http://localhost:46922 for channel [id: 0xb53da701, L:/127.0.0.1:49341 - R:localhost/127.0.0.1:46922]
[DEBUG] Using pooled Channel &apos;[id: 0xb53da701, L:/127.0.0.1:49341 - R:localhost/127.0.0.1:46922]&apos; for &apos;POST&apos; to &apos;http://localhost:46922/session/7841cf8a552679a54395c90ee180e920/element&apos;
[DEBUG] Using open Channel [id: 0xb53da701, L:/127.0.0.1:49341 - R:localhost/127.0.0.1:46922] for POST &apos;/session/7841cf8a552679a54395c90ee180e920/element&apos;
[DEBUG] 

Request DefaultHttpRequest(decodeResult: success, version: HTTP/1.1)
POST /session/7841cf8a552679a54395c90ee180e920/element HTTP/1.1
User-Agent: selenium/4.0.0-alpha-5 (java windows)
Content-Length: 54
Content-Type: application/json; charset=utf-8
host: localhost:46922
accept: */*

Response DefaultHttpResponse(decodeResult: success, version: HTTP/1.1)
HTTP/1.1 404 Not Found
Content-Length: 1031
Content-Type: application/json; charset=utf-8
cache-control: no-cache

[DEBUG] Adding key: http://localhost:46922 for channel [id: 0xb53da701, L:/127.0.0.1:49341 - R:localhost/127.0.0.1:46922]
[DEBUG] Entry count for : http://localhost:49342 : 1
[DEBUG] Entry count for : http://localhost:46922 : 1
[DEBUG] Using pooled Channel &apos;[id: 0xb53da701, L:/127.0.0.1:49341 - R:localhost/127.0.0.1:46922]&apos; for &apos;POST&apos; to &apos;http://localhost:46922/session/7841cf8a552679a54395c90ee180e920/element&apos;
[DEBUG] Using open Channel [id: 0xb53da701, L:/127.0.0.1:49341 - R:localhost/127.0.0.1:46922] for POST &apos;/session/7841cf8a552679a54395c90ee180e920/element&apos;
[DEBUG] 

Request DefaultHttpRequest(decodeResult: success, version: HTTP/1.1)
POST /session/7841cf8a552679a54395c90ee180e920/element HTTP/1.1
User-Agent: selenium/4.0.0-alpha-5 (java windows)
Content-Length: 54
Content-Type: application/json; charset=utf-8
host: localhost:46922
accept: */*

Response DefaultHttpResponse(decodeResult: success, version: HTTP/1.1)
HTTP/1.1 404 Not Found
Content-Length: 1031
Content-Type: application/json; charset=utf-8
cache-control: no-cache

[DEBUG] Adding key: http://localhost:46922 for channel [id: 0xb53da701, L:/127.0.0.1:49341 - R:localhost/127.0.0.1:46922]
[DEBUG] Using pooled Channel &apos;[id: 0xb53da701, L:/127.0.0.1:49341 - R:localhost/127.0.0.1:46922]&apos; for &apos;POST&apos; to &apos;http://localhost:46922/session/7841cf8a552679a54395c90ee180e920/element&apos;
[DEBUG] Using open Channel [id: 0xb53da701, L:/127.0.0.1:49341 - R:localhost/127.0.0.1:46922] for POST &apos;/session/7841cf8a552679a54395c90ee180e920/element&apos;
[DEBUG] 

Request DefaultHttpRequest(decodeResult: success, version: HTTP/1.1)
POST /session/7841cf8a552679a54395c90ee180e920/element HTTP/1.1
User-Agent: selenium/4.0.0-alpha-5 (java windows)
Content-Length: 54
Content-Type: application/json; charset=utf-8
host: localhost:46922
accept: */*

Response DefaultHttpResponse(decodeResult: success, version: HTTP/1.1)
HTTP/1.1 404 Not Found
Content-Length: 1031
Content-Type: application/json; charset=utf-8
cache-control: no-cache

[DEBUG] Adding key: http://localhost:46922 for channel [id: 0xb53da701, L:/127.0.0.1:49341 - R:localhost/127.0.0.1:46922]
[DEBUG] Entry count for : http://localhost:49342 : 1
[DEBUG] Entry count for : http://localhost:46922 : 1
[DEBUG] Using pooled Channel &apos;[id: 0xb53da701, L:/127.0.0.1:49341 - R:localhost/127.0.0.1:46922]&apos; for &apos;POST&apos; to &apos;http://localhost:46922/session/7841cf8a552679a54395c90ee180e920/element&apos;
[DEBUG] Using open Channel [id: 0xb53da701, L:/127.0.0.1:49341 - R:localhost/127.0.0.1:46922] for POST &apos;/session/7841cf8a552679a54395c90ee180e920/element&apos;
[DEBUG] 

Request DefaultHttpRequest(decodeResult: success, version: HTTP/1.1)
POST /session/7841cf8a552679a54395c90ee180e920/element HTTP/1.1
User-Agent: selenium/4.0.0-alpha-5 (java windows)
Content-Length: 54
Content-Type: application/json; charset=utf-8
host: localhost:46922
accept: */*

Response DefaultHttpResponse(decodeResult: success, version: HTTP/1.1)
HTTP/1.1 404 Not Found
Content-Length: 1031
Content-Type: application/json; charset=utf-8
cache-control: no-cache

[DEBUG] Adding key: http://localhost:46922 for channel [id: 0xb53da701, L:/127.0.0.1:49341 - R:localhost/127.0.0.1:46922]
[DEBUG] Using pooled Channel &apos;[id: 0xb53da701, L:/127.0.0.1:49341 - R:localhost/127.0.0.1:46922]&apos; for &apos;POST&apos; to &apos;http://localhost:46922/session/7841cf8a552679a54395c90ee180e920/element&apos;
[DEBUG] Using open Channel [id: 0xb53da701, L:/127.0.0.1:49341 - R:localhost/127.0.0.1:46922] for POST &apos;/session/7841cf8a552679a54395c90ee180e920/element&apos;
[DEBUG] 

Request DefaultHttpRequest(decodeResult: success, version: HTTP/1.1)
POST /session/7841cf8a552679a54395c90ee180e920/element HTTP/1.1
User-Agent: selenium/4.0.0-alpha-5 (java windows)
Content-Length: 54
Content-Type: application/json; charset=utf-8
host: localhost:46922
accept: */*

Response DefaultHttpResponse(decodeResult: success, version: HTTP/1.1)
HTTP/1.1 404 Not Found
Content-Length: 1031
Content-Type: application/json; charset=utf-8
cache-control: no-cache

[DEBUG] Adding key: http://localhost:46922 for channel [id: 0xb53da701, L:/127.0.0.1:49341 - R:localhost/127.0.0.1:46922]
[DEBUG] Entry count for : http://localhost:49342 : 1
[DEBUG] Entry count for : http://localhost:46922 : 1
[DEBUG] Using pooled Channel &apos;[id: 0xb53da701, L:/127.0.0.1:49341 - R:localhost/127.0.0.1:46922]&apos; for &apos;POST&apos; to &apos;http://localhost:46922/session/7841cf8a552679a54395c90ee180e920/element&apos;
[DEBUG] Using open Channel [id: 0xb53da701, L:/127.0.0.1:49341 - R:localhost/127.0.0.1:46922] for POST &apos;/session/7841cf8a552679a54395c90ee180e920/element&apos;
[DEBUG] 

Request DefaultHttpRequest(decodeResult: success, version: HTTP/1.1)
POST /session/7841cf8a552679a54395c90ee180e920/element HTTP/1.1
User-Agent: selenium/4.0.0-alpha-5 (java windows)
Content-Length: 54
Content-Type: application/json; charset=utf-8
host: localhost:46922
accept: */*

Response DefaultHttpResponse(decodeResult: success, version: HTTP/1.1)
HTTP/1.1 404 Not Found
Content-Length: 1031
Content-Type: application/json; charset=utf-8
cache-control: no-cache

[DEBUG] Adding key: http://localhost:46922 for channel [id: 0xb53da701, L:/127.0.0.1:49341 - R:localhost/127.0.0.1:46922]
[DEBUG] Using pooled Channel &apos;[id: 0xb53da701, L:/127.0.0.1:49341 - R:localhost/127.0.0.1:46922]&apos; for &apos;POST&apos; to &apos;http://localhost:46922/session/7841cf8a552679a54395c90ee180e920/element&apos;
[DEBUG] Using open Channel [id: 0xb53da701, L:/127.0.0.1:49341 - R:localhost/127.0.0.1:46922] for POST &apos;/session/7841cf8a552679a54395c90ee180e920/element&apos;
[DEBUG] 

Request DefaultHttpRequest(decodeResult: success, version: HTTP/1.1)
POST /session/7841cf8a552679a54395c90ee180e920/element HTTP/1.1
User-Agent: selenium/4.0.0-alpha-5 (java windows)
Content-Length: 54
Content-Type: application/json; charset=utf-8
host: localhost:46922
accept: */*

Response DefaultHttpResponse(decodeResult: success, version: HTTP/1.1)
HTTP/1.1 404 Not Found
Content-Length: 1031
Content-Type: application/json; charset=utf-8
cache-control: no-cache

[DEBUG] Adding key: http://localhost:46922 for channel [id: 0xb53da701, L:/127.0.0.1:49341 - R:localhost/127.0.0.1:46922]
[DEBUG] Entry count for : http://localhost:49342 : 1
[DEBUG] Entry count for : http://localhost:46922 : 1
[DEBUG] Using pooled Channel &apos;[id: 0xb53da701, L:/127.0.0.1:49341 - R:localhost/127.0.0.1:46922]&apos; for &apos;POST&apos; to &apos;http://localhost:46922/session/7841cf8a552679a54395c90ee180e920/element&apos;
[DEBUG] Using open Channel [id: 0xb53da701, L:/127.0.0.1:49341 - R:localhost/127.0.0.1:46922] for POST &apos;/session/7841cf8a552679a54395c90ee180e920/element&apos;
[DEBUG] 

Request DefaultHttpRequest(decodeResult: success, version: HTTP/1.1)
POST /session/7841cf8a552679a54395c90ee180e920/element HTTP/1.1
User-Agent: selenium/4.0.0-alpha-5 (java windows)
Content-Length: 54
Content-Type: application/json; charset=utf-8
host: localhost:46922
accept: */*

Response DefaultHttpResponse(decodeResult: success, version: HTTP/1.1)
HTTP/1.1 404 Not Found
Content-Length: 1031
Content-Type: application/json; charset=utf-8
cache-control: no-cache

[DEBUG] Adding key: http://localhost:46922 for channel [id: 0xb53da701, L:/127.0.0.1:49341 - R:localhost/127.0.0.1:46922]
[DEBUG] Using pooled Channel &apos;[id: 0xb53da701, L:/127.0.0.1:49341 - R:localhost/127.0.0.1:46922]&apos; for &apos;POST&apos; to &apos;http://localhost:46922/session/7841cf8a552679a54395c90ee180e920/element&apos;
[DEBUG] Using open Channel [id: 0xb53da701, L:/127.0.0.1:49341 - R:localhost/127.0.0.1:46922] for POST &apos;/session/7841cf8a552679a54395c90ee180e920/element&apos;
[DEBUG] 

Request DefaultHttpRequest(decodeResult: success, version: HTTP/1.1)
POST /session/7841cf8a552679a54395c90ee180e920/element HTTP/1.1
User-Agent: selenium/4.0.0-alpha-5 (java windows)
Content-Length: 54
Content-Type: application/json; charset=utf-8
host: localhost:46922
accept: */*

Response DefaultHttpResponse(decodeResult: success, version: HTTP/1.1)
HTTP/1.1 404 Not Found
Content-Length: 1031
Content-Type: application/json; charset=utf-8
cache-control: no-cache

[DEBUG] Adding key: http://localhost:46922 for channel [id: 0xb53da701, L:/127.0.0.1:49341 - R:localhost/127.0.0.1:46922]
[DEBUG] Entry count for : http://localhost:49342 : 1
[DEBUG] Entry count for : http://localhost:46922 : 1
[DEBUG] Using pooled Channel &apos;[id: 0xb53da701, L:/127.0.0.1:49341 - R:localhost/127.0.0.1:46922]&apos; for &apos;POST&apos; to &apos;http://localhost:46922/session/7841cf8a552679a54395c90ee180e920/element&apos;
[DEBUG] Using open Channel [id: 0xb53da701, L:/127.0.0.1:49341 - R:localhost/127.0.0.1:46922] for POST &apos;/session/7841cf8a552679a54395c90ee180e920/element&apos;
[DEBUG] 

Request DefaultHttpRequest(decodeResult: success, version: HTTP/1.1)
POST /session/7841cf8a552679a54395c90ee180e920/element HTTP/1.1
User-Agent: selenium/4.0.0-alpha-5 (java windows)
Content-Length: 54
Content-Type: application/json; charset=utf-8
host: localhost:46922
accept: */*

Response DefaultHttpResponse(decodeResult: success, version: HTTP/1.1)
HTTP/1.1 404 Not Found
Content-Length: 1031
Content-Type: application/json; charset=utf-8
cache-control: no-cache

[DEBUG] Adding key: http://localhost:46922 for channel [id: 0xb53da701, L:/127.0.0.1:49341 - R:localhost/127.0.0.1:46922]
[DEBUG] Using pooled Channel &apos;[id: 0xb53da701, L:/127.0.0.1:49341 - R:localhost/127.0.0.1:46922]&apos; for &apos;POST&apos; to &apos;http://localhost:46922/session/7841cf8a552679a54395c90ee180e920/element&apos;
[DEBUG] Using open Channel [id: 0xb53da701, L:/127.0.0.1:49341 - R:localhost/127.0.0.1:46922] for POST &apos;/session/7841cf8a552679a54395c90ee180e920/element&apos;
[DEBUG] 

Request DefaultHttpRequest(decodeResult: success, version: HTTP/1.1)
POST /session/7841cf8a552679a54395c90ee180e920/element HTTP/1.1
User-Agent: selenium/4.0.0-alpha-5 (java windows)
Content-Length: 54
Content-Type: application/json; charset=utf-8
host: localhost:46922
accept: */*

Response DefaultHttpResponse(decodeResult: success, version: HTTP/1.1)
HTTP/1.1 404 Not Found
Content-Length: 1031
Content-Type: application/json; charset=utf-8
cache-control: no-cache

[DEBUG] Adding key: http://localhost:46922 for channel [id: 0xb53da701, L:/127.0.0.1:49341 - R:localhost/127.0.0.1:46922]
[DEBUG] Using pooled Channel &apos;[id: 0xb53da701, L:/127.0.0.1:49341 - R:localhost/127.0.0.1:46922]&apos; for &apos;POST&apos; to &apos;http://localhost:46922/session/7841cf8a552679a54395c90ee180e920/element&apos;
[DEBUG] Using open Channel [id: 0xb53da701, L:/127.0.0.1:49341 - R:localhost/127.0.0.1:46922] for POST &apos;/session/7841cf8a552679a54395c90ee180e920/element&apos;
[DEBUG] 

Request DefaultHttpRequest(decodeResult: success, version: HTTP/1.1)
POST /session/7841cf8a552679a54395c90ee180e920/element HTTP/1.1
User-Agent: selenium/4.0.0-alpha-5 (java windows)
Content-Length: 54
Content-Type: application/json; charset=utf-8
host: localhost:46922
accept: */*

Response DefaultHttpResponse(decodeResult: success, version: HTTP/1.1)
HTTP/1.1 404 Not Found
Content-Length: 1031
Content-Type: application/json; charset=utf-8
cache-control: no-cache

[DEBUG] Adding key: http://localhost:46922 for channel [id: 0xb53da701, L:/127.0.0.1:49341 - R:localhost/127.0.0.1:46922]
[DEBUG] Entry count for : http://localhost:49342 : 1
[DEBUG] Entry count for : http://localhost:46922 : 1
[DEBUG] Using pooled Channel &apos;[id: 0xb53da701, L:/127.0.0.1:49341 - R:localhost/127.0.0.1:46922]&apos; for &apos;POST&apos; to &apos;http://localhost:46922/session/7841cf8a552679a54395c90ee180e920/element&apos;
[DEBUG] Using open Channel [id: 0xb53da701, L:/127.0.0.1:49341 - R:localhost/127.0.0.1:46922] for POST &apos;/session/7841cf8a552679a54395c90ee180e920/element&apos;
[DEBUG] 

Request DefaultHttpRequest(decodeResult: success, version: HTTP/1.1)
POST /session/7841cf8a552679a54395c90ee180e920/element HTTP/1.1
User-Agent: selenium/4.0.0-alpha-5 (java windows)
Content-Length: 54
Content-Type: application/json; charset=utf-8
host: localhost:46922
accept: */*

Response DefaultHttpResponse(decodeResult: success, version: HTTP/1.1)
HTTP/1.1 404 Not Found
Content-Length: 1031
Content-Type: application/json; charset=utf-8
cache-control: no-cache

[DEBUG] Adding key: http://localhost:46922 for channel [id: 0xb53da701, L:/127.0.0.1:49341 - R:localhost/127.0.0.1:46922]
[DEBUG] Using pooled Channel &apos;[id: 0xb53da701, L:/127.0.0.1:49341 - R:localhost/127.0.0.1:46922]&apos; for &apos;POST&apos; to &apos;http://localhost:46922/session/7841cf8a552679a54395c90ee180e920/element&apos;
[DEBUG] Using open Channel [id: 0xb53da701, L:/127.0.0.1:49341 - R:localhost/127.0.0.1:46922] for POST &apos;/session/7841cf8a552679a54395c90ee180e920/element&apos;
[DEBUG] 

Request DefaultHttpRequest(decodeResult: success, version: HTTP/1.1)
POST /session/7841cf8a552679a54395c90ee180e920/element HTTP/1.1
User-Agent: selenium/4.0.0-alpha-5 (java windows)
Content-Length: 54
Content-Type: application/json; charset=utf-8
host: localhost:46922
accept: */*

Response DefaultHttpResponse(decodeResult: success, version: HTTP/1.1)
HTTP/1.1 404 Not Found
Content-Length: 1031
Content-Type: application/json; charset=utf-8
cache-control: no-cache

[DEBUG] Adding key: http://localhost:46922 for channel [id: 0xb53da701, L:/127.0.0.1:49341 - R:localhost/127.0.0.1:46922]
[DEBUG] Entry count for : http://localhost:49342 : 1
[DEBUG] Entry count for : http://localhost:46922 : 1
[DEBUG] Using pooled Channel &apos;[id: 0xb53da701, L:/127.0.0.1:49341 - R:localhost/127.0.0.1:46922]&apos; for &apos;POST&apos; to &apos;http://localhost:46922/session/7841cf8a552679a54395c90ee180e920/element&apos;
[DEBUG] Using open Channel [id: 0xb53da701, L:/127.0.0.1:49341 - R:localhost/127.0.0.1:46922] for POST &apos;/session/7841cf8a552679a54395c90ee180e920/element&apos;
[DEBUG] 

Request DefaultHttpRequest(decodeResult: success, version: HTTP/1.1)
POST /session/7841cf8a552679a54395c90ee180e920/element HTTP/1.1
User-Agent: selenium/4.0.0-alpha-5 (java windows)
Content-Length: 54
Content-Type: application/json; charset=utf-8
host: localhost:46922
accept: */*

Response DefaultHttpResponse(decodeResult: success, version: HTTP/1.1)
HTTP/1.1 404 Not Found
Content-Length: 1031
Content-Type: application/json; charset=utf-8
cache-control: no-cache

[DEBUG] Adding key: http://localhost:46922 for channel [id: 0xb53da701, L:/127.0.0.1:49341 - R:localhost/127.0.0.1:46922]
[DEBUG] Using pooled Channel &apos;[id: 0xb53da701, L:/127.0.0.1:49341 - R:localhost/127.0.0.1:46922]&apos; for &apos;POST&apos; to &apos;http://localhost:46922/session/7841cf8a552679a54395c90ee180e920/element&apos;
[DEBUG] Using open Channel [id: 0xb53da701, L:/127.0.0.1:49341 - R:localhost/127.0.0.1:46922] for POST &apos;/session/7841cf8a552679a54395c90ee180e920/element&apos;
[DEBUG] 

Request DefaultHttpRequest(decodeResult: success, version: HTTP/1.1)
POST /session/7841cf8a552679a54395c90ee180e920/element HTTP/1.1
User-Agent: selenium/4.0.0-alpha-5 (java windows)
Content-Length: 54
Content-Type: application/json; charset=utf-8
host: localhost:46922
accept: */*

Response DefaultHttpResponse(decodeResult: success, version: HTTP/1.1)
HTTP/1.1 404 Not Found
Content-Length: 1031
Content-Type: application/json; charset=utf-8
cache-control: no-cache

[DEBUG] Adding key: http://localhost:46922 for channel [id: 0xb53da701, L:/127.0.0.1:49341 - R:localhost/127.0.0.1:46922]
[DEBUG] Entry count for : http://localhost:49342 : 1
[DEBUG] Entry count for : http://localhost:46922 : 1
[DEBUG] Using pooled Channel &apos;[id: 0xb53da701, L:/127.0.0.1:49341 - R:localhost/127.0.0.1:46922]&apos; for &apos;POST&apos; to &apos;http://localhost:46922/session/7841cf8a552679a54395c90ee180e920/element&apos;
[DEBUG] Using open Channel [id: 0xb53da701, L:/127.0.0.1:49341 - R:localhost/127.0.0.1:46922] for POST &apos;/session/7841cf8a552679a54395c90ee180e920/element&apos;
[DEBUG] 

Request DefaultHttpRequest(decodeResult: success, version: HTTP/1.1)
POST /session/7841cf8a552679a54395c90ee180e920/element HTTP/1.1
User-Agent: selenium/4.0.0-alpha-5 (java windows)
Content-Length: 54
Content-Type: application/json; charset=utf-8
host: localhost:46922
accept: */*

Response DefaultHttpResponse(decodeResult: success, version: HTTP/1.1)
HTTP/1.1 404 Not Found
Content-Length: 1031
Content-Type: application/json; charset=utf-8
cache-control: no-cache

[DEBUG] Adding key: http://localhost:46922 for channel [id: 0xb53da701, L:/127.0.0.1:49341 - R:localhost/127.0.0.1:46922]
[DEBUG] Using pooled Channel &apos;[id: 0xb53da701, L:/127.0.0.1:49341 - R:localhost/127.0.0.1:46922]&apos; for &apos;POST&apos; to &apos;http://localhost:46922/session/7841cf8a552679a54395c90ee180e920/element&apos;
[DEBUG] Using open Channel [id: 0xb53da701, L:/127.0.0.1:49341 - R:localhost/127.0.0.1:46922] for POST &apos;/session/7841cf8a552679a54395c90ee180e920/element&apos;
[DEBUG] 

Request DefaultHttpRequest(decodeResult: success, version: HTTP/1.1)
POST /session/7841cf8a552679a54395c90ee180e920/element HTTP/1.1
User-Agent: selenium/4.0.0-alpha-5 (java windows)
Content-Length: 54
Content-Type: application/json; charset=utf-8
host: localhost:46922
accept: */*

Response DefaultHttpResponse(decodeResult: success, version: HTTP/1.1)
HTTP/1.1 404 Not Found
Content-Length: 1031
Content-Type: application/json; charset=utf-8
cache-control: no-cache

[DEBUG] Adding key: http://localhost:46922 for channel [id: 0xb53da701, L:/127.0.0.1:49341 - R:localhost/127.0.0.1:46922]
[DEBUG] Entry count for : http://localhost:49342 : 1
[DEBUG] Entry count for : http://localhost:46922 : 1
[DEBUG] Using pooled Channel &apos;[id: 0xb53da701, L:/127.0.0.1:49341 - R:localhost/127.0.0.1:46922]&apos; for &apos;POST&apos; to &apos;http://localhost:46922/session/7841cf8a552679a54395c90ee180e920/element&apos;
[DEBUG] Using open Channel [id: 0xb53da701, L:/127.0.0.1:49341 - R:localhost/127.0.0.1:46922] for POST &apos;/session/7841cf8a552679a54395c90ee180e920/element&apos;
[DEBUG] 

Request DefaultHttpRequest(decodeResult: success, version: HTTP/1.1)
POST /session/7841cf8a552679a54395c90ee180e920/element HTTP/1.1
User-Agent: selenium/4.0.0-alpha-5 (java windows)
Content-Length: 54
Content-Type: application/json; charset=utf-8
host: localhost:46922
accept: */*

Response DefaultHttpResponse(decodeResult: success, version: HTTP/1.1)
HTTP/1.1 404 Not Found
Content-Length: 1031
Content-Type: application/json; charset=utf-8
cache-control: no-cache

[DEBUG] Adding key: http://localhost:46922 for channel [id: 0xb53da701, L:/127.0.0.1:49341 - R:localhost/127.0.0.1:46922]
[DEBUG] Using pooled Channel &apos;[id: 0xb53da701, L:/127.0.0.1:49341 - R:localhost/127.0.0.1:46922]&apos; for &apos;POST&apos; to &apos;http://localhost:46922/session/7841cf8a552679a54395c90ee180e920/element&apos;
[DEBUG] Using open Channel [id: 0xb53da701, L:/127.0.0.1:49341 - R:localhost/127.0.0.1:46922] for POST &apos;/session/7841cf8a552679a54395c90ee180e920/element&apos;
[DEBUG] 

Request DefaultHttpRequest(decodeResult: success, version: HTTP/1.1)
POST /session/7841cf8a552679a54395c90ee180e920/element HTTP/1.1
User-Agent: selenium/4.0.0-alpha-5 (java windows)
Content-Length: 54
Content-Type: application/json; charset=utf-8
host: localhost:46922
accept: */*

Response DefaultHttpResponse(decodeResult: success, version: HTTP/1.1)
HTTP/1.1 404 Not Found
Content-Length: 1031
Content-Type: application/json; charset=utf-8
cache-control: no-cache

[DEBUG] Adding key: http://localhost:46922 for channel [id: 0xb53da701, L:/127.0.0.1:49341 - R:localhost/127.0.0.1:46922]
[DEBUG] Entry count for : http://localhost:49342 : 1
[DEBUG] Entry count for : http://localhost:46922 : 1
[DEBUG] Using pooled Channel &apos;[id: 0xb53da701, L:/127.0.0.1:49341 - R:localhost/127.0.0.1:46922]&apos; for &apos;POST&apos; to &apos;http://localhost:46922/session/7841cf8a552679a54395c90ee180e920/element&apos;
[DEBUG] Using open Channel [id: 0xb53da701, L:/127.0.0.1:49341 - R:localhost/127.0.0.1:46922] for POST &apos;/session/7841cf8a552679a54395c90ee180e920/element&apos;
[DEBUG] 

Request DefaultHttpRequest(decodeResult: success, version: HTTP/1.1)
POST /session/7841cf8a552679a54395c90ee180e920/element HTTP/1.1
User-Agent: selenium/4.0.0-alpha-5 (java windows)
Content-Length: 54
Content-Type: application/json; charset=utf-8
host: localhost:46922
accept: */*

Response DefaultHttpResponse(decodeResult: success, version: HTTP/1.1)
HTTP/1.1 404 Not Found
Content-Length: 1031
Content-Type: application/json; charset=utf-8
cache-control: no-cache

[DEBUG] Adding key: http://localhost:46922 for channel [id: 0xb53da701, L:/127.0.0.1:49341 - R:localhost/127.0.0.1:46922]
[DEBUG] Using pooled Channel &apos;[id: 0xb53da701, L:/127.0.0.1:49341 - R:localhost/127.0.0.1:46922]&apos; for &apos;POST&apos; to &apos;http://localhost:46922/session/7841cf8a552679a54395c90ee180e920/element&apos;
[DEBUG] Using open Channel [id: 0xb53da701, L:/127.0.0.1:49341 - R:localhost/127.0.0.1:46922] for POST &apos;/session/7841cf8a552679a54395c90ee180e920/element&apos;
[DEBUG] 

Request DefaultHttpRequest(decodeResult: success, version: HTTP/1.1)
POST /session/7841cf8a552679a54395c90ee180e920/element HTTP/1.1
User-Agent: selenium/4.0.0-alpha-5 (java windows)
Content-Length: 54
Content-Type: application/json; charset=utf-8
host: localhost:46922
accept: */*

Response DefaultHttpResponse(decodeResult: success, version: HTTP/1.1)
HTTP/1.1 404 Not Found
Content-Length: 1031
Content-Type: application/json; charset=utf-8
cache-control: no-cache

[DEBUG] Adding key: http://localhost:46922 for channel [id: 0xb53da701, L:/127.0.0.1:49341 - R:localhost/127.0.0.1:46922]
[DEBUG] Entry count for : http://localhost:49342 : 1
[DEBUG] Entry count for : http://localhost:46922 : 1
[DEBUG] Using pooled Channel &apos;[id: 0xb53da701, L:/127.0.0.1:49341 - R:localhost/127.0.0.1:46922]&apos; for &apos;POST&apos; to &apos;http://localhost:46922/session/7841cf8a552679a54395c90ee180e920/element&apos;
[DEBUG] Using open Channel [id: 0xb53da701, L:/127.0.0.1:49341 - R:localhost/127.0.0.1:46922] for POST &apos;/session/7841cf8a552679a54395c90ee180e920/element&apos;
[DEBUG] 

Request DefaultHttpRequest(decodeResult: success, version: HTTP/1.1)
POST /session/7841cf8a552679a54395c90ee180e920/element HTTP/1.1
User-Agent: selenium/4.0.0-alpha-5 (java windows)
Content-Length: 54
Content-Type: application/json; charset=utf-8
host: localhost:46922
accept: */*

Response DefaultHttpResponse(decodeResult: success, version: HTTP/1.1)
HTTP/1.1 404 Not Found
Content-Length: 1031
Content-Type: application/json; charset=utf-8
cache-control: no-cache

[DEBUG] Adding key: http://localhost:46922 for channel [id: 0xb53da701, L:/127.0.0.1:49341 - R:localhost/127.0.0.1:46922]
[DEBUG] Using pooled Channel &apos;[id: 0xb53da701, L:/127.0.0.1:49341 - R:localhost/127.0.0.1:46922]&apos; for &apos;POST&apos; to &apos;http://localhost:46922/session/7841cf8a552679a54395c90ee180e920/element&apos;
[DEBUG] Using open Channel [id: 0xb53da701, L:/127.0.0.1:49341 - R:localhost/127.0.0.1:46922] for POST &apos;/session/7841cf8a552679a54395c90ee180e920/element&apos;
[DEBUG] 

Request DefaultHttpRequest(decodeResult: success, version: HTTP/1.1)
POST /session/7841cf8a552679a54395c90ee180e920/element HTTP/1.1
User-Agent: selenium/4.0.0-alpha-5 (java windows)
Content-Length: 54
Content-Type: application/json; charset=utf-8
host: localhost:46922
accept: */*

Response DefaultHttpResponse(decodeResult: success, version: HTTP/1.1)
HTTP/1.1 404 Not Found
Content-Length: 1031
Content-Type: application/json; charset=utf-8
cache-control: no-cache

[DEBUG] Adding key: http://localhost:46922 for channel [id: 0xb53da701, L:/127.0.0.1:49341 - R:localhost/127.0.0.1:46922]
[DEBUG] Entry count for : http://localhost:49342 : 1
[DEBUG] Entry count for : http://localhost:46922 : 1
[DEBUG] Using pooled Channel &apos;[id: 0xb53da701, L:/127.0.0.1:49341 - R:localhost/127.0.0.1:46922]&apos; for &apos;POST&apos; to &apos;http://localhost:46922/session/7841cf8a552679a54395c90ee180e920/element&apos;
[DEBUG] Using open Channel [id: 0xb53da701, L:/127.0.0.1:49341 - R:localhost/127.0.0.1:46922] for POST &apos;/session/7841cf8a552679a54395c90ee180e920/element&apos;
[DEBUG] 

Request DefaultHttpRequest(decodeResult: success, version: HTTP/1.1)
POST /session/7841cf8a552679a54395c90ee180e920/element HTTP/1.1
User-Agent: selenium/4.0.0-alpha-5 (java windows)
Content-Length: 54
Content-Type: application/json; charset=utf-8
host: localhost:46922
accept: */*

Response DefaultHttpResponse(decodeResult: success, version: HTTP/1.1)
HTTP/1.1 404 Not Found
Content-Length: 1031
Content-Type: application/json; charset=utf-8
cache-control: no-cache

[DEBUG] Adding key: http://localhost:46922 for channel [id: 0xb53da701, L:/127.0.0.1:49341 - R:localhost/127.0.0.1:46922]
[DEBUG] Using pooled Channel &apos;[id: 0xb53da701, L:/127.0.0.1:49341 - R:localhost/127.0.0.1:46922]&apos; for &apos;POST&apos; to &apos;http://localhost:46922/session/7841cf8a552679a54395c90ee180e920/element&apos;
[DEBUG] Using open Channel [id: 0xb53da701, L:/127.0.0.1:49341 - R:localhost/127.0.0.1:46922] for POST &apos;/session/7841cf8a552679a54395c90ee180e920/element&apos;
[DEBUG] 

Request DefaultHttpRequest(decodeResult: success, version: HTTP/1.1)
POST /session/7841cf8a552679a54395c90ee180e920/element HTTP/1.1
User-Agent: selenium/4.0.0-alpha-5 (java windows)
Content-Length: 54
Content-Type: application/json; charset=utf-8
host: localhost:46922
accept: */*

Response DefaultHttpResponse(decodeResult: success, version: HTTP/1.1)
HTTP/1.1 404 Not Found
Content-Length: 1031
Content-Type: application/json; charset=utf-8
cache-control: no-cache

[DEBUG] Adding key: http://localhost:46922 for channel [id: 0xb53da701, L:/127.0.0.1:49341 - R:localhost/127.0.0.1:46922]
[DEBUG] Entry count for : http://localhost:49342 : 1
[DEBUG] Entry count for : http://localhost:46922 : 1
[DEBUG] Using pooled Channel &apos;[id: 0xb53da701, L:/127.0.0.1:49341 - R:localhost/127.0.0.1:46922]&apos; for &apos;POST&apos; to &apos;http://localhost:46922/session/7841cf8a552679a54395c90ee180e920/element&apos;
[DEBUG] Using open Channel [id: 0xb53da701, L:/127.0.0.1:49341 - R:localhost/127.0.0.1:46922] for POST &apos;/session/7841cf8a552679a54395c90ee180e920/element&apos;
[DEBUG] 

Request DefaultHttpRequest(decodeResult: success, version: HTTP/1.1)
POST /session/7841cf8a552679a54395c90ee180e920/element HTTP/1.1
User-Agent: selenium/4.0.0-alpha-5 (java windows)
Content-Length: 54
Content-Type: application/json; charset=utf-8
host: localhost:46922
accept: */*

Response DefaultHttpResponse(decodeResult: success, version: HTTP/1.1)
HTTP/1.1 404 Not Found
Content-Length: 1031
Content-Type: application/json; charset=utf-8
cache-control: no-cache

[DEBUG] Adding key: http://localhost:46922 for channel [id: 0xb53da701, L:/127.0.0.1:49341 - R:localhost/127.0.0.1:46922]
[DEBUG] Using pooled Channel &apos;[id: 0xb53da701, L:/127.0.0.1:49341 - R:localhost/127.0.0.1:46922]&apos; for &apos;POST&apos; to &apos;http://localhost:46922/session/7841cf8a552679a54395c90ee180e920/element&apos;
[DEBUG] Using open Channel [id: 0xb53da701, L:/127.0.0.1:49341 - R:localhost/127.0.0.1:46922] for POST &apos;/session/7841cf8a552679a54395c90ee180e920/element&apos;
[DEBUG] 

Request DefaultHttpRequest(decodeResult: success, version: HTTP/1.1)
POST /session/7841cf8a552679a54395c90ee180e920/element HTTP/1.1
User-Agent: selenium/4.0.0-alpha-5 (java windows)
Content-Length: 54
Content-Type: application/json; charset=utf-8
host: localhost:46922
accept: */*

Response DefaultHttpResponse(decodeResult: success, version: HTTP/1.1)
HTTP/1.1 404 Not Found
Content-Length: 1031
Content-Type: application/json; charset=utf-8
cache-control: no-cache

[DEBUG] Adding key: http://localhost:46922 for channel [id: 0xb53da701, L:/127.0.0.1:49341 - R:localhost/127.0.0.1:46922]
[DEBUG] Using pooled Channel &apos;[id: 0xb53da701, L:/127.0.0.1:49341 - R:localhost/127.0.0.1:46922]&apos; for &apos;POST&apos; to &apos;http://localhost:46922/session/7841cf8a552679a54395c90ee180e920/element&apos;
[DEBUG] Using open Channel [id: 0xb53da701, L:/127.0.0.1:49341 - R:localhost/127.0.0.1:46922] for POST &apos;/session/7841cf8a552679a54395c90ee180e920/element&apos;
[DEBUG] 

Request DefaultHttpRequest(decodeResult: success, version: HTTP/1.1)
POST /session/7841cf8a552679a54395c90ee180e920/element HTTP/1.1
User-Agent: selenium/4.0.0-alpha-5 (java windows)
Content-Length: 54
Content-Type: application/json; charset=utf-8
host: localhost:46922
accept: */*

Response DefaultHttpResponse(decodeResult: success, version: HTTP/1.1)
HTTP/1.1 404 Not Found
Content-Length: 1031
Content-Type: application/json; charset=utf-8
cache-control: no-cache

[DEBUG] Adding key: http://localhost:46922 for channel [id: 0xb53da701, L:/127.0.0.1:49341 - R:localhost/127.0.0.1:46922]
[DEBUG] Entry count for : http://localhost:49342 : 1
[DEBUG] Entry count for : http://localhost:46922 : 1
[DEBUG] Using pooled Channel &apos;[id: 0xb53da701, L:/127.0.0.1:49341 - R:localhost/127.0.0.1:46922]&apos; for &apos;POST&apos; to &apos;http://localhost:46922/session/7841cf8a552679a54395c90ee180e920/element&apos;
[DEBUG] Using open Channel [id: 0xb53da701, L:/127.0.0.1:49341 - R:localhost/127.0.0.1:46922] for POST &apos;/session/7841cf8a552679a54395c90ee180e920/element&apos;
[DEBUG] 

Request DefaultHttpRequest(decodeResult: success, version: HTTP/1.1)
POST /session/7841cf8a552679a54395c90ee180e920/element HTTP/1.1
User-Agent: selenium/4.0.0-alpha-5 (java windows)
Content-Length: 54
Content-Type: application/json; charset=utf-8
host: localhost:46922
accept: */*

Response DefaultHttpResponse(decodeResult: success, version: HTTP/1.1)
HTTP/1.1 404 Not Found
Content-Length: 1031
Content-Type: application/json; charset=utf-8
cache-control: no-cache

[DEBUG] Adding key: http://localhost:46922 for channel [id: 0xb53da701, L:/127.0.0.1:49341 - R:localhost/127.0.0.1:46922]
[DEBUG] Using pooled Channel &apos;[id: 0xb53da701, L:/127.0.0.1:49341 - R:localhost/127.0.0.1:46922]&apos; for &apos;POST&apos; to &apos;http://localhost:46922/session/7841cf8a552679a54395c90ee180e920/element&apos;
[DEBUG] Using open Channel [id: 0xb53da701, L:/127.0.0.1:49341 - R:localhost/127.0.0.1:46922] for POST &apos;/session/7841cf8a552679a54395c90ee180e920/element&apos;
[DEBUG] 

Request DefaultHttpRequest(decodeResult: success, version: HTTP/1.1)
POST /session/7841cf8a552679a54395c90ee180e920/element HTTP/1.1
User-Agent: selenium/4.0.0-alpha-5 (java windows)
Content-Length: 54
Content-Type: application/json; charset=utf-8
host: localhost:46922
accept: */*

Response DefaultHttpResponse(decodeResult: success, version: HTTP/1.1)
HTTP/1.1 404 Not Found
Content-Length: 1031
Content-Type: application/json; charset=utf-8
cache-control: no-cache

[DEBUG] Adding key: http://localhost:46922 for channel [id: 0xb53da701, L:/127.0.0.1:49341 - R:localhost/127.0.0.1:46922]
[DEBUG] Entry count for : http://localhost:49342 : 1
[DEBUG] Entry count for : http://localhost:46922 : 1
[DEBUG] Using pooled Channel &apos;[id: 0xb53da701, L:/127.0.0.1:49341 - R:localhost/127.0.0.1:46922]&apos; for &apos;POST&apos; to &apos;http://localhost:46922/session/7841cf8a552679a54395c90ee180e920/element&apos;
[DEBUG] Using open Channel [id: 0xb53da701, L:/127.0.0.1:49341 - R:localhost/127.0.0.1:46922] for POST &apos;/session/7841cf8a552679a54395c90ee180e920/element&apos;
[DEBUG] 

Request DefaultHttpRequest(decodeResult: success, version: HTTP/1.1)
POST /session/7841cf8a552679a54395c90ee180e920/element HTTP/1.1
User-Agent: selenium/4.0.0-alpha-5 (java windows)
Content-Length: 54
Content-Type: application/json; charset=utf-8
host: localhost:46922
accept: */*

Response DefaultHttpResponse(decodeResult: success, version: HTTP/1.1)
HTTP/1.1 404 Not Found
Content-Length: 1031
Content-Type: application/json; charset=utf-8
cache-control: no-cache

[DEBUG] Adding key: http://localhost:46922 for channel [id: 0xb53da701, L:/127.0.0.1:49341 - R:localhost/127.0.0.1:46922]
[DEBUG] Using pooled Channel &apos;[id: 0xb53da701, L:/127.0.0.1:49341 - R:localhost/127.0.0.1:46922]&apos; for &apos;POST&apos; to &apos;http://localhost:46922/session/7841cf8a552679a54395c90ee180e920/element&apos;
[DEBUG] Using open Channel [id: 0xb53da701, L:/127.0.0.1:49341 - R:localhost/127.0.0.1:46922] for POST &apos;/session/7841cf8a552679a54395c90ee180e920/element&apos;
[DEBUG] 

Request DefaultHttpRequest(decodeResult: success, version: HTTP/1.1)
POST /session/7841cf8a552679a54395c90ee180e920/element HTTP/1.1
User-Agent: selenium/4.0.0-alpha-5 (java windows)
Content-Length: 54
Content-Type: application/json; charset=utf-8
host: localhost:46922
accept: */*

Response DefaultHttpResponse(decodeResult: success, version: HTTP/1.1)
HTTP/1.1 404 Not Found
Content-Length: 1031
Content-Type: application/json; charset=utf-8
cache-control: no-cache

[DEBUG] Adding key: http://localhost:46922 for channel [id: 0xb53da701, L:/127.0.0.1:49341 - R:localhost/127.0.0.1:46922]
[DEBUG] Entry count for : http://localhost:49342 : 1
[DEBUG] Entry count for : http://localhost:46922 : 1
[DEBUG] Using pooled Channel &apos;[id: 0xb53da701, L:/127.0.0.1:49341 - R:localhost/127.0.0.1:46922]&apos; for &apos;POST&apos; to &apos;http://localhost:46922/session/7841cf8a552679a54395c90ee180e920/element&apos;
[DEBUG] Using open Channel [id: 0xb53da701, L:/127.0.0.1:49341 - R:localhost/127.0.0.1:46922] for POST &apos;/session/7841cf8a552679a54395c90ee180e920/element&apos;
[DEBUG] 

Request DefaultHttpRequest(decodeResult: success, version: HTTP/1.1)
POST /session/7841cf8a552679a54395c90ee180e920/element HTTP/1.1
User-Agent: selenium/4.0.0-alpha-5 (java windows)
Content-Length: 54
Content-Type: application/json; charset=utf-8
host: localhost:46922
accept: */*

Response DefaultHttpResponse(decodeResult: success, version: HTTP/1.1)
HTTP/1.1 404 Not Found
Content-Length: 1031
Content-Type: application/json; charset=utf-8
cache-control: no-cache

[DEBUG] Adding key: http://localhost:46922 for channel [id: 0xb53da701, L:/127.0.0.1:49341 - R:localhost/127.0.0.1:46922]
[DEBUG] Using pooled Channel &apos;[id: 0xb53da701, L:/127.0.0.1:49341 - R:localhost/127.0.0.1:46922]&apos; for &apos;POST&apos; to &apos;http://localhost:46922/session/7841cf8a552679a54395c90ee180e920/element&apos;
[DEBUG] Using open Channel [id: 0xb53da701, L:/127.0.0.1:49341 - R:localhost/127.0.0.1:46922] for POST &apos;/session/7841cf8a552679a54395c90ee180e920/element&apos;
[DEBUG] 

Request DefaultHttpRequest(decodeResult: success, version: HTTP/1.1)
POST /session/7841cf8a552679a54395c90ee180e920/element HTTP/1.1
User-Agent: selenium/4.0.0-alpha-5 (java windows)
Content-Length: 54
Content-Type: application/json; charset=utf-8
host: localhost:46922
accept: */*

Response DefaultHttpResponse(decodeResult: success, version: HTTP/1.1)
HTTP/1.1 404 Not Found
Content-Length: 1031
Content-Type: application/json; charset=utf-8
cache-control: no-cache

[DEBUG] Adding key: http://localhost:46922 for channel [id: 0xb53da701, L:/127.0.0.1:49341 - R:localhost/127.0.0.1:46922]
[DEBUG] Entry count for : http://localhost:49342 : 1
[DEBUG] Entry count for : http://localhost:46922 : 1
[DEBUG] Using pooled Channel &apos;[id: 0xb53da701, L:/127.0.0.1:49341 - R:localhost/127.0.0.1:46922]&apos; for &apos;POST&apos; to &apos;http://localhost:46922/session/7841cf8a552679a54395c90ee180e920/element&apos;
[DEBUG] Using open Channel [id: 0xb53da701, L:/127.0.0.1:49341 - R:localhost/127.0.0.1:46922] for POST &apos;/session/7841cf8a552679a54395c90ee180e920/element&apos;
[DEBUG] 

Request DefaultHttpRequest(decodeResult: success, version: HTTP/1.1)
POST /session/7841cf8a552679a54395c90ee180e920/element HTTP/1.1
User-Agent: selenium/4.0.0-alpha-5 (java windows)
Content-Length: 54
Content-Type: application/json; charset=utf-8
host: localhost:46922
accept: */*

Response DefaultHttpResponse(decodeResult: success, version: HTTP/1.1)
HTTP/1.1 404 Not Found
Content-Length: 1031
Content-Type: application/json; charset=utf-8
cache-control: no-cache

[DEBUG] Adding key: http://localhost:46922 for channel [id: 0xb53da701, L:/127.0.0.1:49341 - R:localhost/127.0.0.1:46922]
[DEBUG] Using pooled Channel &apos;[id: 0xb53da701, L:/127.0.0.1:49341 - R:localhost/127.0.0.1:46922]&apos; for &apos;POST&apos; to &apos;http://localhost:46922/session/7841cf8a552679a54395c90ee180e920/element&apos;
[DEBUG] Using open Channel [id: 0xb53da701, L:/127.0.0.1:49341 - R:localhost/127.0.0.1:46922] for POST &apos;/session/7841cf8a552679a54395c90ee180e920/element&apos;
[DEBUG] 

Request DefaultHttpRequest(decodeResult: success, version: HTTP/1.1)
POST /session/7841cf8a552679a54395c90ee180e920/element HTTP/1.1
User-Agent: selenium/4.0.0-alpha-5 (java windows)
Content-Length: 54
Content-Type: application/json; charset=utf-8
host: localhost:46922
accept: */*

Response DefaultHttpResponse(decodeResult: success, version: HTTP/1.1)
HTTP/1.1 404 Not Found
Content-Length: 1031
Content-Type: application/json; charset=utf-8
cache-control: no-cache

[DEBUG] Adding key: http://localhost:46922 for channel [id: 0xb53da701, L:/127.0.0.1:49341 - R:localhost/127.0.0.1:46922]
[DEBUG] Entry count for : http://localhost:49342 : 1
[DEBUG] Entry count for : http://localhost:46922 : 1
[DEBUG] Using pooled Channel &apos;[id: 0xb53da701, L:/127.0.0.1:49341 - R:localhost/127.0.0.1:46922]&apos; for &apos;POST&apos; to &apos;http://localhost:46922/session/7841cf8a552679a54395c90ee180e920/element&apos;
[DEBUG] Using open Channel [id: 0xb53da701, L:/127.0.0.1:49341 - R:localhost/127.0.0.1:46922] for POST &apos;/session/7841cf8a552679a54395c90ee180e920/element&apos;
[DEBUG] 

Request DefaultHttpRequest(decodeResult: success, version: HTTP/1.1)
POST /session/7841cf8a552679a54395c90ee180e920/element HTTP/1.1
User-Agent: selenium/4.0.0-alpha-5 (java windows)
Content-Length: 54
Content-Type: application/json; charset=utf-8
host: localhost:46922
accept: */*

Response DefaultHttpResponse(decodeResult: success, version: HTTP/1.1)
HTTP/1.1 404 Not Found
Content-Length: 1031
Content-Type: application/json; charset=utf-8
cache-control: no-cache

[DEBUG] Adding key: http://localhost:46922 for channel [id: 0xb53da701, L:/127.0.0.1:49341 - R:localhost/127.0.0.1:46922]
[DEBUG] Using pooled Channel &apos;[id: 0xb53da701, L:/127.0.0.1:49341 - R:localhost/127.0.0.1:46922]&apos; for &apos;POST&apos; to &apos;http://localhost:46922/session/7841cf8a552679a54395c90ee180e920/element&apos;
[DEBUG] Using open Channel [id: 0xb53da701, L:/127.0.0.1:49341 - R:localhost/127.0.0.1:46922] for POST &apos;/session/7841cf8a552679a54395c90ee180e920/element&apos;
[DEBUG] 

Request DefaultHttpRequest(decodeResult: success, version: HTTP/1.1)
POST /session/7841cf8a552679a54395c90ee180e920/element HTTP/1.1
User-Agent: selenium/4.0.0-alpha-5 (java windows)
Content-Length: 54
Content-Type: application/json; charset=utf-8
host: localhost:46922
accept: */*

Response DefaultHttpResponse(decodeResult: success, version: HTTP/1.1)
HTTP/1.1 404 Not Found
Content-Length: 1031
Content-Type: application/json; charset=utf-8
cache-control: no-cache

[DEBUG] Adding key: http://localhost:46922 for channel [id: 0xb53da701, L:/127.0.0.1:49341 - R:localhost/127.0.0.1:46922]
[DEBUG] Entry count for : http://localhost:49342 : 1
[DEBUG] Entry count for : http://localhost:46922 : 1
[DEBUG] Using pooled Channel &apos;[id: 0xb53da701, L:/127.0.0.1:49341 - R:localhost/127.0.0.1:46922]&apos; for &apos;POST&apos; to &apos;http://localhost:46922/session/7841cf8a552679a54395c90ee180e920/element&apos;
[DEBUG] Using open Channel [id: 0xb53da701, L:/127.0.0.1:49341 - R:localhost/127.0.0.1:46922] for POST &apos;/session/7841cf8a552679a54395c90ee180e920/element&apos;
[DEBUG] 

Request DefaultHttpRequest(decodeResult: success, version: HTTP/1.1)
POST /session/7841cf8a552679a54395c90ee180e920/element HTTP/1.1
User-Agent: selenium/4.0.0-alpha-5 (java windows)
Content-Length: 54
Content-Type: application/json; charset=utf-8
host: localhost:46922
accept: */*

Response DefaultHttpResponse(decodeResult: success, version: HTTP/1.1)
HTTP/1.1 404 Not Found
Content-Length: 1031
Content-Type: application/json; charset=utf-8
cache-control: no-cache

[DEBUG] Adding key: http://localhost:46922 for channel [id: 0xb53da701, L:/127.0.0.1:49341 - R:localhost/127.0.0.1:46922]
[DEBUG] Using pooled Channel &apos;[id: 0xb53da701, L:/127.0.0.1:49341 - R:localhost/127.0.0.1:46922]&apos; for &apos;POST&apos; to &apos;http://localhost:46922/session/7841cf8a552679a54395c90ee180e920/element&apos;
[DEBUG] Using open Channel [id: 0xb53da701, L:/127.0.0.1:49341 - R:localhost/127.0.0.1:46922] for POST &apos;/session/7841cf8a552679a54395c90ee180e920/element&apos;
[DEBUG] 

Request DefaultHttpRequest(decodeResult: success, version: HTTP/1.1)
POST /session/7841cf8a552679a54395c90ee180e920/element HTTP/1.1
User-Agent: selenium/4.0.0-alpha-5 (java windows)
Content-Length: 54
Content-Type: application/json; charset=utf-8
host: localhost:46922
accept: */*

Response DefaultHttpResponse(decodeResult: success, version: HTTP/1.1)
HTTP/1.1 404 Not Found
Content-Length: 1031
Content-Type: application/json; charset=utf-8
cache-control: no-cache

[DEBUG] Adding key: http://localhost:46922 for channel [id: 0xb53da701, L:/127.0.0.1:49341 - R:localhost/127.0.0.1:46922]
[DEBUG] Entry count for : http://localhost:49342 : 1
[DEBUG] Entry count for : http://localhost:46922 : 1
[DEBUG] Using pooled Channel &apos;[id: 0xb53da701, L:/127.0.0.1:49341 - R:localhost/127.0.0.1:46922]&apos; for &apos;POST&apos; to &apos;http://localhost:46922/session/7841cf8a552679a54395c90ee180e920/element&apos;
[DEBUG] Using open Channel [id: 0xb53da701, L:/127.0.0.1:49341 - R:localhost/127.0.0.1:46922] for POST &apos;/session/7841cf8a552679a54395c90ee180e920/element&apos;
[DEBUG] 

Request DefaultHttpRequest(decodeResult: success, version: HTTP/1.1)
POST /session/7841cf8a552679a54395c90ee180e920/element HTTP/1.1
User-Agent: selenium/4.0.0-alpha-5 (java windows)
Content-Length: 54
Content-Type: application/json; charset=utf-8
host: localhost:46922
accept: */*

Response DefaultHttpResponse(decodeResult: success, version: HTTP/1.1)
HTTP/1.1 404 Not Found
Content-Length: 1031
Content-Type: application/json; charset=utf-8
cache-control: no-cache

[DEBUG] Adding key: http://localhost:46922 for channel [id: 0xb53da701, L:/127.0.0.1:49341 - R:localhost/127.0.0.1:46922]
[DEBUG] Using pooled Channel &apos;[id: 0xb53da701, L:/127.0.0.1:49341 - R:localhost/127.0.0.1:46922]&apos; for &apos;POST&apos; to &apos;http://localhost:46922/session/7841cf8a552679a54395c90ee180e920/element&apos;
[DEBUG] Using open Channel [id: 0xb53da701, L:/127.0.0.1:49341 - R:localhost/127.0.0.1:46922] for POST &apos;/session/7841cf8a552679a54395c90ee180e920/element&apos;
[DEBUG] 

Request DefaultHttpRequest(decodeResult: success, version: HTTP/1.1)
POST /session/7841cf8a552679a54395c90ee180e920/element HTTP/1.1
User-Agent: selenium/4.0.0-alpha-5 (java windows)
Content-Length: 54
Content-Type: application/json; charset=utf-8
host: localhost:46922
accept: */*

Response DefaultHttpResponse(decodeResult: success, version: HTTP/1.1)
HTTP/1.1 404 Not Found
Content-Length: 1031
Content-Type: application/json; charset=utf-8
cache-control: no-cache

[DEBUG] Adding key: http://localhost:46922 for channel [id: 0xb53da701, L:/127.0.0.1:49341 - R:localhost/127.0.0.1:46922]
[DEBUG] Entry count for : http://localhost:49342 : 1
[DEBUG] Entry count for : http://localhost:46922 : 1
[DEBUG] Using pooled Channel &apos;[id: 0xb53da701, L:/127.0.0.1:49341 - R:localhost/127.0.0.1:46922]&apos; for &apos;POST&apos; to &apos;http://localhost:46922/session/7841cf8a552679a54395c90ee180e920/element&apos;
[DEBUG] Using open Channel [id: 0xb53da701, L:/127.0.0.1:49341 - R:localhost/127.0.0.1:46922] for POST &apos;/session/7841cf8a552679a54395c90ee180e920/element&apos;
[DEBUG] 

Request DefaultHttpRequest(decodeResult: success, version: HTTP/1.1)
POST /session/7841cf8a552679a54395c90ee180e920/element HTTP/1.1
User-Agent: selenium/4.0.0-alpha-5 (java windows)
Content-Length: 54
Content-Type: application/json; charset=utf-8
host: localhost:46922
accept: */*

Response DefaultHttpResponse(decodeResult: success, version: HTTP/1.1)
HTTP/1.1 404 Not Found
Content-Length: 1031
Content-Type: application/json; charset=utf-8
cache-control: no-cache

[DEBUG] Adding key: http://localhost:46922 for channel [id: 0xb53da701, L:/127.0.0.1:49341 - R:localhost/127.0.0.1:46922]
[DEBUG] Using pooled Channel &apos;[id: 0xb53da701, L:/127.0.0.1:49341 - R:localhost/127.0.0.1:46922]&apos; for &apos;POST&apos; to &apos;http://localhost:46922/session/7841cf8a552679a54395c90ee180e920/element&apos;
[DEBUG] Using open Channel [id: 0xb53da701, L:/127.0.0.1:49341 - R:localhost/127.0.0.1:46922] for POST &apos;/session/7841cf8a552679a54395c90ee180e920/element&apos;
[DEBUG] 

Request DefaultHttpRequest(decodeResult: success, version: HTTP/1.1)
POST /session/7841cf8a552679a54395c90ee180e920/element HTTP/1.1
User-Agent: selenium/4.0.0-alpha-5 (java windows)
Content-Length: 54
Content-Type: application/json; charset=utf-8
host: localhost:46922
accept: */*

Response DefaultHttpResponse(decodeResult: success, version: HTTP/1.1)
HTTP/1.1 404 Not Found
Content-Length: 1031
Content-Type: application/json; charset=utf-8
cache-control: no-cache

[DEBUG] Adding key: http://localhost:46922 for channel [id: 0xb53da701, L:/127.0.0.1:49341 - R:localhost/127.0.0.1:46922]
[DEBUG] Entry count for : http://localhost:49342 : 1
[DEBUG] Entry count for : http://localhost:46922 : 1
[DEBUG] Using pooled Channel &apos;[id: 0xb53da701, L:/127.0.0.1:49341 - R:localhost/127.0.0.1:46922]&apos; for &apos;POST&apos; to &apos;http://localhost:46922/session/7841cf8a552679a54395c90ee180e920/element&apos;
[DEBUG] Using open Channel [id: 0xb53da701, L:/127.0.0.1:49341 - R:localhost/127.0.0.1:46922] for POST &apos;/session/7841cf8a552679a54395c90ee180e920/element&apos;
[DEBUG] 

Request DefaultHttpRequest(decodeResult: success, version: HTTP/1.1)
POST /session/7841cf8a552679a54395c90ee180e920/element HTTP/1.1
User-Agent: selenium/4.0.0-alpha-5 (java windows)
Content-Length: 54
Content-Type: application/json; charset=utf-8
host: localhost:46922
accept: */*

Response DefaultHttpResponse(decodeResult: success, version: HTTP/1.1)
HTTP/1.1 404 Not Found
Content-Length: 1031
Content-Type: application/json; charset=utf-8
cache-control: no-cache

[DEBUG] Adding key: http://localhost:46922 for channel [id: 0xb53da701, L:/127.0.0.1:49341 - R:localhost/127.0.0.1:46922]
[DEBUG] Using pooled Channel &apos;[id: 0xb53da701, L:/127.0.0.1:49341 - R:localhost/127.0.0.1:46922]&apos; for &apos;POST&apos; to &apos;http://localhost:46922/session/7841cf8a552679a54395c90ee180e920/element&apos;
[DEBUG] Using open Channel [id: 0xb53da701, L:/127.0.0.1:49341 - R:localhost/127.0.0.1:46922] for POST &apos;/session/7841cf8a552679a54395c90ee180e920/element&apos;
[DEBUG] 

Request DefaultHttpRequest(decodeResult: success, version: HTTP/1.1)
POST /session/7841cf8a552679a54395c90ee180e920/element HTTP/1.1
User-Agent: selenium/4.0.0-alpha-5 (java windows)
Content-Length: 54
Content-Type: application/json; charset=utf-8
host: localhost:46922
accept: */*

Response DefaultHttpResponse(decodeResult: success, version: HTTP/1.1)
HTTP/1.1 404 Not Found
Content-Length: 1031
Content-Type: application/json; charset=utf-8
cache-control: no-cache

[DEBUG] Adding key: http://localhost:46922 for channel [id: 0xb53da701, L:/127.0.0.1:49341 - R:localhost/127.0.0.1:46922]
[DEBUG] Using pooled Channel &apos;[id: 0xb53da701, L:/127.0.0.1:49341 - R:localhost/127.0.0.1:46922]&apos; for &apos;POST&apos; to &apos;http://localhost:46922/session/7841cf8a552679a54395c90ee180e920/element&apos;
[DEBUG] Using open Channel [id: 0xb53da701, L:/127.0.0.1:49341 - R:localhost/127.0.0.1:46922] for POST &apos;/session/7841cf8a552679a54395c90ee180e920/element&apos;
[DEBUG] Entry count for : http://localhost:49342 : 1
[DEBUG] 

Request DefaultHttpRequest(decodeResult: success, version: HTTP/1.1)
POST /session/7841cf8a552679a54395c90ee180e920/element HTTP/1.1
User-Agent: selenium/4.0.0-alpha-5 (java windows)
Content-Length: 54
Content-Type: application/json; charset=utf-8
host: localhost:46922
accept: */*

Response DefaultHttpResponse(decodeResult: success, version: HTTP/1.1)
HTTP/1.1 404 Not Found
Content-Length: 1031
Content-Type: application/json; charset=utf-8
cache-control: no-cache

[DEBUG] Adding key: http://localhost:46922 for channel [id: 0xb53da701, L:/127.0.0.1:49341 - R:localhost/127.0.0.1:46922]
[DEBUG] Using pooled Channel &apos;[id: 0xb53da701, L:/127.0.0.1:49341 - R:localhost/127.0.0.1:46922]&apos; for &apos;POST&apos; to &apos;http://localhost:46922/session/7841cf8a552679a54395c90ee180e920/element&apos;
[DEBUG] Using open Channel [id: 0xb53da701, L:/127.0.0.1:49341 - R:localhost/127.0.0.1:46922] for POST &apos;/session/7841cf8a552679a54395c90ee180e920/element&apos;
[DEBUG] 

Request DefaultHttpRequest(decodeResult: success, version: HTTP/1.1)
POST /session/7841cf8a552679a54395c90ee180e920/element HTTP/1.1
User-Agent: selenium/4.0.0-alpha-5 (java windows)
Content-Length: 54
Content-Type: application/json; charset=utf-8
host: localhost:46922
accept: */*

Response DefaultHttpResponse(decodeResult: success, version: HTTP/1.1)
HTTP/1.1 404 Not Found
Content-Length: 1031
Content-Type: application/json; charset=utf-8
cache-control: no-cache

[DEBUG] Adding key: http://localhost:46922 for channel [id: 0xb53da701, L:/127.0.0.1:49341 - R:localhost/127.0.0.1:46922]
[DEBUG] Using pooled Channel &apos;[id: 0xb53da701, L:/127.0.0.1:49341 - R:localhost/127.0.0.1:46922]&apos; for &apos;POST&apos; to &apos;http://localhost:46922/session/7841cf8a552679a54395c90ee180e920/element&apos;
[DEBUG] Using open Channel [id: 0xb53da701, L:/127.0.0.1:49341 - R:localhost/127.0.0.1:46922] for POST &apos;/session/7841cf8a552679a54395c90ee180e920/element&apos;
[DEBUG] 

Request DefaultHttpRequest(decodeResult: success, version: HTTP/1.1)
POST /session/7841cf8a552679a54395c90ee180e920/element HTTP/1.1
User-Agent: selenium/4.0.0-alpha-5 (java windows)
Content-Length: 54
Content-Type: application/json; charset=utf-8
host: localhost:46922
accept: */*

Response DefaultHttpResponse(decodeResult: success, version: HTTP/1.1)
HTTP/1.1 404 Not Found
Content-Length: 1031
Content-Type: application/json; charset=utf-8
cache-control: no-cache

[DEBUG] Adding key: http://localhost:46922 for channel [id: 0xb53da701, L:/127.0.0.1:49341 - R:localhost/127.0.0.1:46922]
[DEBUG] Entry count for : http://localhost:49342 : 1
[DEBUG] Entry count for : http://localhost:46922 : 1
[DEBUG] Using pooled Channel &apos;[id: 0xb53da701, L:/127.0.0.1:49341 - R:localhost/127.0.0.1:46922]&apos; for &apos;POST&apos; to &apos;http://localhost:46922/session/7841cf8a552679a54395c90ee180e920/element&apos;
[DEBUG] Using open Channel [id: 0xb53da701, L:/127.0.0.1:49341 - R:localhost/127.0.0.1:46922] for POST &apos;/session/7841cf8a552679a54395c90ee180e920/element&apos;
[DEBUG] 

Request DefaultHttpRequest(decodeResult: success, version: HTTP/1.1)
POST /session/7841cf8a552679a54395c90ee180e920/element HTTP/1.1
User-Agent: selenium/4.0.0-alpha-5 (java windows)
Content-Length: 54
Content-Type: application/json; charset=utf-8
host: localhost:46922
accept: */*

Response DefaultHttpResponse(decodeResult: success, version: HTTP/1.1)
HTTP/1.1 404 Not Found
Content-Length: 1031
Content-Type: application/json; charset=utf-8
cache-control: no-cache

[DEBUG] Adding key: http://localhost:46922 for channel [id: 0xb53da701, L:/127.0.0.1:49341 - R:localhost/127.0.0.1:46922]
[DEBUG] Using pooled Channel &apos;[id: 0xb53da701, L:/127.0.0.1:49341 - R:localhost/127.0.0.1:46922]&apos; for &apos;POST&apos; to &apos;http://localhost:46922/session/7841cf8a552679a54395c90ee180e920/element&apos;
[DEBUG] Using open Channel [id: 0xb53da701, L:/127.0.0.1:49341 - R:localhost/127.0.0.1:46922] for POST &apos;/session/7841cf8a552679a54395c90ee180e920/element&apos;
[DEBUG] 

Request DefaultHttpRequest(decodeResult: success, version: HTTP/1.1)
POST /session/7841cf8a552679a54395c90ee180e920/element HTTP/1.1
User-Agent: selenium/4.0.0-alpha-5 (java windows)
Content-Length: 54
Content-Type: application/json; charset=utf-8
host: localhost:46922
accept: */*

Response DefaultHttpResponse(decodeResult: success, version: HTTP/1.1)
HTTP/1.1 404 Not Found
Content-Length: 1031
Content-Type: application/json; charset=utf-8
cache-control: no-cache

[DEBUG] Adding key: http://localhost:46922 for channel [id: 0xb53da701, L:/127.0.0.1:49341 - R:localhost/127.0.0.1:46922]
[DEBUG] Entry count for : http://localhost:49342 : 1
[DEBUG] Entry count for : http://localhost:46922 : 1
[DEBUG] Using pooled Channel &apos;[id: 0xb53da701, L:/127.0.0.1:49341 - R:localhost/127.0.0.1:46922]&apos; for &apos;POST&apos; to &apos;http://localhost:46922/session/7841cf8a552679a54395c90ee180e920/element&apos;
[DEBUG] Using open Channel [id: 0xb53da701, L:/127.0.0.1:49341 - R:localhost/127.0.0.1:46922] for POST &apos;/session/7841cf8a552679a54395c90ee180e920/element&apos;
[DEBUG] 

Request DefaultHttpRequest(decodeResult: success, version: HTTP/1.1)
POST /session/7841cf8a552679a54395c90ee180e920/element HTTP/1.1
User-Agent: selenium/4.0.0-alpha-5 (java windows)
Content-Length: 54
Content-Type: application/json; charset=utf-8
host: localhost:46922
accept: */*

Response DefaultHttpResponse(decodeResult: success, version: HTTP/1.1)
HTTP/1.1 404 Not Found
Content-Length: 1031
Content-Type: application/json; charset=utf-8
cache-control: no-cache

[DEBUG] Adding key: http://localhost:46922 for channel [id: 0xb53da701, L:/127.0.0.1:49341 - R:localhost/127.0.0.1:46922]
[DEBUG] Using pooled Channel &apos;[id: 0xb53da701, L:/127.0.0.1:49341 - R:localhost/127.0.0.1:46922]&apos; for &apos;POST&apos; to &apos;http://localhost:46922/session/7841cf8a552679a54395c90ee180e920/element&apos;
[DEBUG] Using open Channel [id: 0xb53da701, L:/127.0.0.1:49341 - R:localhost/127.0.0.1:46922] for POST &apos;/session/7841cf8a552679a54395c90ee180e920/element&apos;
[DEBUG] 

Request DefaultHttpRequest(decodeResult: success, version: HTTP/1.1)
POST /session/7841cf8a552679a54395c90ee180e920/element HTTP/1.1
User-Agent: selenium/4.0.0-alpha-5 (java windows)
Content-Length: 54
Content-Type: application/json; charset=utf-8
host: localhost:46922
accept: */*

Response DefaultHttpResponse(decodeResult: success, version: HTTP/1.1)
HTTP/1.1 404 Not Found
Content-Length: 1031
Content-Type: application/json; charset=utf-8
cache-control: no-cache

[DEBUG] Adding key: http://localhost:46922 for channel [id: 0xb53da701, L:/127.0.0.1:49341 - R:localhost/127.0.0.1:46922]
[DEBUG] Entry count for : http://localhost:49342 : 1
[DEBUG] Entry count for : http://localhost:46922 : 1
[DEBUG] Using pooled Channel &apos;[id: 0xb53da701, L:/127.0.0.1:49341 - R:localhost/127.0.0.1:46922]&apos; for &apos;POST&apos; to &apos;http://localhost:46922/session/7841cf8a552679a54395c90ee180e920/element&apos;
[DEBUG] Using open Channel [id: 0xb53da701, L:/127.0.0.1:49341 - R:localhost/127.0.0.1:46922] for POST &apos;/session/7841cf8a552679a54395c90ee180e920/element&apos;
[DEBUG] 

Request DefaultHttpRequest(decodeResult: success, version: HTTP/1.1)
POST /session/7841cf8a552679a54395c90ee180e920/element HTTP/1.1
User-Agent: selenium/4.0.0-alpha-5 (java windows)
Content-Length: 54
Content-Type: application/json; charset=utf-8
host: localhost:46922
accept: */*

Response DefaultHttpResponse(decodeResult: success, version: HTTP/1.1)
HTTP/1.1 404 Not Found
Content-Length: 1031
Content-Type: application/json; charset=utf-8
cache-control: no-cache

[DEBUG] Adding key: http://localhost:46922 for channel [id: 0xb53da701, L:/127.0.0.1:49341 - R:localhost/127.0.0.1:46922]
[DEBUG] Using pooled Channel &apos;[id: 0xb53da701, L:/127.0.0.1:49341 - R:localhost/127.0.0.1:46922]&apos; for &apos;POST&apos; to &apos;http://localhost:46922/session/7841cf8a552679a54395c90ee180e920/element&apos;
[DEBUG] Using open Channel [id: 0xb53da701, L:/127.0.0.1:49341 - R:localhost/127.0.0.1:46922] for POST &apos;/session/7841cf8a552679a54395c90ee180e920/element&apos;
[DEBUG] 

Request DefaultHttpRequest(decodeResult: success, version: HTTP/1.1)
POST /session/7841cf8a552679a54395c90ee180e920/element HTTP/1.1
User-Agent: selenium/4.0.0-alpha-5 (java windows)
Content-Length: 54
Content-Type: application/json; charset=utf-8
host: localhost:46922
accept: */*

Response DefaultHttpResponse(decodeResult: success, version: HTTP/1.1)
HTTP/1.1 404 Not Found
Content-Length: 1031
Content-Type: application/json; charset=utf-8
cache-control: no-cache

[DEBUG] Adding key: http://localhost:46922 for channel [id: 0xb53da701, L:/127.0.0.1:49341 - R:localhost/127.0.0.1:46922]
[DEBUG] Entry count for : http://localhost:49342 : 1
[DEBUG] Entry count for : http://localhost:46922 : 1
[DEBUG] Using pooled Channel &apos;[id: 0xb53da701, L:/127.0.0.1:49341 - R:localhost/127.0.0.1:46922]&apos; for &apos;POST&apos; to &apos;http://localhost:46922/session/7841cf8a552679a54395c90ee180e920/element&apos;
[DEBUG] Using open Channel [id: 0xb53da701, L:/127.0.0.1:49341 - R:localhost/127.0.0.1:46922] for POST &apos;/session/7841cf8a552679a54395c90ee180e920/element&apos;
[DEBUG] 

Request DefaultHttpRequest(decodeResult: success, version: HTTP/1.1)
POST /session/7841cf8a552679a54395c90ee180e920/element HTTP/1.1
User-Agent: selenium/4.0.0-alpha-5 (java windows)
Content-Length: 54
Content-Type: application/json; charset=utf-8
host: localhost:46922
accept: */*

Response DefaultHttpResponse(decodeResult: success, version: HTTP/1.1)
HTTP/1.1 404 Not Found
Content-Length: 1031
Content-Type: application/json; charset=utf-8
cache-control: no-cache

[DEBUG] Adding key: http://localhost:46922 for channel [id: 0xb53da701, L:/127.0.0.1:49341 - R:localhost/127.0.0.1:46922]
[DEBUG] Using pooled Channel &apos;[id: 0xb53da701, L:/127.0.0.1:49341 - R:localhost/127.0.0.1:46922]&apos; for &apos;POST&apos; to &apos;http://localhost:46922/session/7841cf8a552679a54395c90ee180e920/element&apos;
[DEBUG] Using open Channel [id: 0xb53da701, L:/127.0.0.1:49341 - R:localhost/127.0.0.1:46922] for POST &apos;/session/7841cf8a552679a54395c90ee180e920/element&apos;
[DEBUG] 

Request DefaultHttpRequest(decodeResult: success, version: HTTP/1.1)
POST /session/7841cf8a552679a54395c90ee180e920/element HTTP/1.1
User-Agent: selenium/4.0.0-alpha-5 (java windows)
Content-Length: 54
Content-Type: application/json; charset=utf-8
host: localhost:46922
accept: */*

Response DefaultHttpResponse(decodeResult: success, version: HTTP/1.1)
HTTP/1.1 404 Not Found
Content-Length: 1031
Content-Type: application/json; charset=utf-8
cache-control: no-cache

[DEBUG] Adding key: http://localhost:46922 for channel [id: 0xb53da701, L:/127.0.0.1:49341 - R:localhost/127.0.0.1:46922]
[DEBUG] Entry count for : http://localhost:49342 : 1
[DEBUG] Entry count for : http://localhost:46922 : 1
[DEBUG] Using pooled Channel &apos;[id: 0xb53da701, L:/127.0.0.1:49341 - R:localhost/127.0.0.1:46922]&apos; for &apos;POST&apos; to &apos;http://localhost:46922/session/7841cf8a552679a54395c90ee180e920/element&apos;
[DEBUG] Using open Channel [id: 0xb53da701, L:/127.0.0.1:49341 - R:localhost/127.0.0.1:46922] for POST &apos;/session/7841cf8a552679a54395c90ee180e920/element&apos;
[DEBUG] 

Request DefaultHttpRequest(decodeResult: success, version: HTTP/1.1)
POST /session/7841cf8a552679a54395c90ee180e920/element HTTP/1.1
User-Agent: selenium/4.0.0-alpha-5 (java windows)
Content-Length: 54
Content-Type: application/json; charset=utf-8
host: localhost:46922
accept: */*

Response DefaultHttpResponse(decodeResult: success, version: HTTP/1.1)
HTTP/1.1 404 Not Found
Content-Length: 1031
Content-Type: application/json; charset=utf-8
cache-control: no-cache

[DEBUG] Adding key: http://localhost:46922 for channel [id: 0xb53da701, L:/127.0.0.1:49341 - R:localhost/127.0.0.1:46922]
[DEBUG] Using pooled Channel &apos;[id: 0xb53da701, L:/127.0.0.1:49341 - R:localhost/127.0.0.1:46922]&apos; for &apos;POST&apos; to &apos;http://localhost:46922/session/7841cf8a552679a54395c90ee180e920/element&apos;
[DEBUG] Using open Channel [id: 0xb53da701, L:/127.0.0.1:49341 - R:localhost/127.0.0.1:46922] for POST &apos;/session/7841cf8a552679a54395c90ee180e920/element&apos;
[DEBUG] 

Request DefaultHttpRequest(decodeResult: success, version: HTTP/1.1)
POST /session/7841cf8a552679a54395c90ee180e920/element HTTP/1.1
User-Agent: selenium/4.0.0-alpha-5 (java windows)
Content-Length: 54
Content-Type: application/json; charset=utf-8
host: localhost:46922
accept: */*

Response DefaultHttpResponse(decodeResult: success, version: HTTP/1.1)
HTTP/1.1 404 Not Found
Content-Length: 1031
Content-Type: application/json; charset=utf-8
cache-control: no-cache

[DEBUG] Adding key: http://localhost:46922 for channel [id: 0xb53da701, L:/127.0.0.1:49341 - R:localhost/127.0.0.1:46922]
[DEBUG] Entry count for : http://localhost:49342 : 1
[DEBUG] Entry count for : http://localhost:46922 : 1
[DEBUG] Using pooled Channel &apos;[id: 0xb53da701, L:/127.0.0.1:49341 - R:localhost/127.0.0.1:46922]&apos; for &apos;POST&apos; to &apos;http://localhost:46922/session/7841cf8a552679a54395c90ee180e920/element&apos;
[DEBUG] Using open Channel [id: 0xb53da701, L:/127.0.0.1:49341 - R:localhost/127.0.0.1:46922] for POST &apos;/session/7841cf8a552679a54395c90ee180e920/element&apos;
[DEBUG] 

Request DefaultHttpRequest(decodeResult: success, version: HTTP/1.1)
POST /session/7841cf8a552679a54395c90ee180e920/element HTTP/1.1
User-Agent: selenium/4.0.0-alpha-5 (java windows)
Content-Length: 54
Content-Type: application/json; charset=utf-8
host: localhost:46922
accept: */*

Response DefaultHttpResponse(decodeResult: success, version: HTTP/1.1)
HTTP/1.1 404 Not Found
Content-Length: 1031
Content-Type: application/json; charset=utf-8
cache-control: no-cache

[DEBUG] Adding key: http://localhost:46922 for channel [id: 0xb53da701, L:/127.0.0.1:49341 - R:localhost/127.0.0.1:46922]
[DEBUG] Using pooled Channel &apos;[id: 0xb53da701, L:/127.0.0.1:49341 - R:localhost/127.0.0.1:46922]&apos; for &apos;POST&apos; to &apos;http://localhost:46922/session/7841cf8a552679a54395c90ee180e920/element&apos;
[DEBUG] Using open Channel [id: 0xb53da701, L:/127.0.0.1:49341 - R:localhost/127.0.0.1:46922] for POST &apos;/session/7841cf8a552679a54395c90ee180e920/element&apos;
[DEBUG] 

Request DefaultHttpRequest(decodeResult: success, version: HTTP/1.1)
POST /session/7841cf8a552679a54395c90ee180e920/element HTTP/1.1
User-Agent: selenium/4.0.0-alpha-5 (java windows)
Content-Length: 54
Content-Type: application/json; charset=utf-8
host: localhost:46922
accept: */*

Response DefaultHttpResponse(decodeResult: success, version: HTTP/1.1)
HTTP/1.1 404 Not Found
Content-Length: 1031
Content-Type: application/json; charset=utf-8
cache-control: no-cache

[DEBUG] Adding key: http://localhost:46922 for channel [id: 0xb53da701, L:/127.0.0.1:49341 - R:localhost/127.0.0.1:46922]
[DEBUG] Entry count for : http://localhost:49342 : 1
[DEBUG] Entry count for : http://localhost:46922 : 1
[DEBUG] Using pooled Channel &apos;[id: 0xb53da701, L:/127.0.0.1:49341 - R:localhost/127.0.0.1:46922]&apos; for &apos;POST&apos; to &apos;http://localhost:46922/session/7841cf8a552679a54395c90ee180e920/element&apos;
[DEBUG] Using open Channel [id: 0xb53da701, L:/127.0.0.1:49341 - R:localhost/127.0.0.1:46922] for POST &apos;/session/7841cf8a552679a54395c90ee180e920/element&apos;
[DEBUG] 

Request DefaultHttpRequest(decodeResult: success, version: HTTP/1.1)
POST /session/7841cf8a552679a54395c90ee180e920/element HTTP/1.1
User-Agent: selenium/4.0.0-alpha-5 (java windows)
Content-Length: 54
Content-Type: application/json; charset=utf-8
host: localhost:46922
accept: */*

Response DefaultHttpResponse(decodeResult: success, version: HTTP/1.1)
HTTP/1.1 404 Not Found
Content-Length: 1031
Content-Type: application/json; charset=utf-8
cache-control: no-cache

[DEBUG] Adding key: http://localhost:46922 for channel [id: 0xb53da701, L:/127.0.0.1:49341 - R:localhost/127.0.0.1:46922]
[DEBUG] Using pooled Channel &apos;[id: 0xb53da701, L:/127.0.0.1:49341 - R:localhost/127.0.0.1:46922]&apos; for &apos;POST&apos; to &apos;http://localhost:46922/session/7841cf8a552679a54395c90ee180e920/element&apos;
[DEBUG] Using open Channel [id: 0xb53da701, L:/127.0.0.1:49341 - R:localhost/127.0.0.1:46922] for POST &apos;/session/7841cf8a552679a54395c90ee180e920/element&apos;
[DEBUG] 

Request DefaultHttpRequest(decodeResult: success, version: HTTP/1.1)
POST /session/7841cf8a552679a54395c90ee180e920/element HTTP/1.1
User-Agent: selenium/4.0.0-alpha-5 (java windows)
Content-Length: 54
Content-Type: application/json; charset=utf-8
host: localhost:46922
accept: */*

Response DefaultHttpResponse(decodeResult: success, version: HTTP/1.1)
HTTP/1.1 404 Not Found
Content-Length: 1031
Content-Type: application/json; charset=utf-8
cache-control: no-cache

[DEBUG] Adding key: http://localhost:46922 for channel [id: 0xb53da701, L:/127.0.0.1:49341 - R:localhost/127.0.0.1:46922]
[DEBUG] Using pooled Channel &apos;[id: 0xb53da701, L:/127.0.0.1:49341 - R:localhost/127.0.0.1:46922]&apos; for &apos;POST&apos; to &apos;http://localhost:46922/session/7841cf8a552679a54395c90ee180e920/element&apos;
[DEBUG] Using open Channel [id: 0xb53da701, L:/127.0.0.1:49341 - R:localhost/127.0.0.1:46922] for POST &apos;/session/7841cf8a552679a54395c90ee180e920/element&apos;
[DEBUG] Entry count for : http://localhost:49342 : 1
[DEBUG] 

Request DefaultHttpRequest(decodeResult: success, version: HTTP/1.1)
POST /session/7841cf8a552679a54395c90ee180e920/element HTTP/1.1
User-Agent: selenium/4.0.0-alpha-5 (java windows)
Content-Length: 54
Content-Type: application/json; charset=utf-8
host: localhost:46922
accept: */*

Response DefaultHttpResponse(decodeResult: success, version: HTTP/1.1)
HTTP/1.1 404 Not Found
Content-Length: 1031
Content-Type: application/json; charset=utf-8
cache-control: no-cache

[DEBUG] Adding key: http://localhost:46922 for channel [id: 0xb53da701, L:/127.0.0.1:49341 - R:localhost/127.0.0.1:46922]
[DEBUG] Using pooled Channel &apos;[id: 0xb53da701, L:/127.0.0.1:49341 - R:localhost/127.0.0.1:46922]&apos; for &apos;POST&apos; to &apos;http://localhost:46922/session/7841cf8a552679a54395c90ee180e920/element&apos;
[DEBUG] Using open Channel [id: 0xb53da701, L:/127.0.0.1:49341 - R:localhost/127.0.0.1:46922] for POST &apos;/session/7841cf8a552679a54395c90ee180e920/element&apos;
[DEBUG] 

Request DefaultHttpRequest(decodeResult: success, version: HTTP/1.1)
POST /session/7841cf8a552679a54395c90ee180e920/element HTTP/1.1
User-Agent: selenium/4.0.0-alpha-5 (java windows)
Content-Length: 54
Content-Type: application/json; charset=utf-8
host: localhost:46922
accept: */*

Response DefaultHttpResponse(decodeResult: success, version: HTTP/1.1)
HTTP/1.1 404 Not Found
Content-Length: 1031
Content-Type: application/json; charset=utf-8
cache-control: no-cache

[DEBUG] Adding key: http://localhost:46922 for channel [id: 0xb53da701, L:/127.0.0.1:49341 - R:localhost/127.0.0.1:46922]
[DEBUG] Using pooled Channel &apos;[id: 0xb53da701, L:/127.0.0.1:49341 - R:localhost/127.0.0.1:46922]&apos; for &apos;POST&apos; to &apos;http://localhost:46922/session/7841cf8a552679a54395c90ee180e920/element&apos;
[DEBUG] Using open Channel [id: 0xb53da701, L:/127.0.0.1:49341 - R:localhost/127.0.0.1:46922] for POST &apos;/session/7841cf8a552679a54395c90ee180e920/element&apos;
[DEBUG] 

Request DefaultHttpRequest(decodeResult: success, version: HTTP/1.1)
POST /session/7841cf8a552679a54395c90ee180e920/element HTTP/1.1
User-Agent: selenium/4.0.0-alpha-5 (java windows)
Content-Length: 54
Content-Type: application/json; charset=utf-8
host: localhost:46922
accept: */*

Response DefaultHttpResponse(decodeResult: success, version: HTTP/1.1)
HTTP/1.1 404 Not Found
Content-Length: 1031
Content-Type: application/json; charset=utf-8
cache-control: no-cache

[DEBUG] Adding key: http://localhost:46922 for channel [id: 0xb53da701, L:/127.0.0.1:49341 - R:localhost/127.0.0.1:46922]
[DEBUG] Entry count for : http://localhost:49342 : 1
[DEBUG] Entry count for : http://localhost:46922 : 1
[DEBUG] Using pooled Channel &apos;[id: 0xb53da701, L:/127.0.0.1:49341 - R:localhost/127.0.0.1:46922]&apos; for &apos;POST&apos; to &apos;http://localhost:46922/session/7841cf8a552679a54395c90ee180e920/element&apos;
[DEBUG] Using open Channel [id: 0xb53da701, L:/127.0.0.1:49341 - R:localhost/127.0.0.1:46922] for POST &apos;/session/7841cf8a552679a54395c90ee180e920/element&apos;
[DEBUG] 

Request DefaultHttpRequest(decodeResult: success, version: HTTP/1.1)
POST /session/7841cf8a552679a54395c90ee180e920/element HTTP/1.1
User-Agent: selenium/4.0.0-alpha-5 (java windows)
Content-Length: 54
Content-Type: application/json; charset=utf-8
host: localhost:46922
accept: */*

Response DefaultHttpResponse(decodeResult: success, version: HTTP/1.1)
HTTP/1.1 404 Not Found
Content-Length: 1031
Content-Type: application/json; charset=utf-8
cache-control: no-cache

[DEBUG] Adding key: http://localhost:46922 for channel [id: 0xb53da701, L:/127.0.0.1:49341 - R:localhost/127.0.0.1:46922]
[DEBUG] Using pooled Channel &apos;[id: 0xb53da701, L:/127.0.0.1:49341 - R:localhost/127.0.0.1:46922]&apos; for &apos;POST&apos; to &apos;http://localhost:46922/session/7841cf8a552679a54395c90ee180e920/element&apos;
[DEBUG] Using open Channel [id: 0xb53da701, L:/127.0.0.1:49341 - R:localhost/127.0.0.1:46922] for POST &apos;/session/7841cf8a552679a54395c90ee180e920/element&apos;
[DEBUG] 

Request DefaultHttpRequest(decodeResult: success, version: HTTP/1.1)
POST /session/7841cf8a552679a54395c90ee180e920/element HTTP/1.1
User-Agent: selenium/4.0.0-alpha-5 (java windows)
Content-Length: 54
Content-Type: application/json; charset=utf-8
host: localhost:46922
accept: */*

Response DefaultHttpResponse(decodeResult: success, version: HTTP/1.1)
HTTP/1.1 404 Not Found
Content-Length: 1031
Content-Type: application/json; charset=utf-8
cache-control: no-cache

[DEBUG] Adding key: http://localhost:46922 for channel [id: 0xb53da701, L:/127.0.0.1:49341 - R:localhost/127.0.0.1:46922]
[DEBUG] Entry count for : http://localhost:49342 : 1
[DEBUG] Entry count for : http://localhost:46922 : 1
[DEBUG] Using pooled Channel &apos;[id: 0xb53da701, L:/127.0.0.1:49341 - R:localhost/127.0.0.1:46922]&apos; for &apos;POST&apos; to &apos;http://localhost:46922/session/7841cf8a552679a54395c90ee180e920/element&apos;
[DEBUG] Using open Channel [id: 0xb53da701, L:/127.0.0.1:49341 - R:localhost/127.0.0.1:46922] for POST &apos;/session/7841cf8a552679a54395c90ee180e920/element&apos;
[DEBUG] 

Request DefaultHttpRequest(decodeResult: success, version: HTTP/1.1)
POST /session/7841cf8a552679a54395c90ee180e920/element HTTP/1.1
User-Agent: selenium/4.0.0-alpha-5 (java windows)
Content-Length: 54
Content-Type: application/json; charset=utf-8
host: localhost:46922
accept: */*

Response DefaultHttpResponse(decodeResult: success, version: HTTP/1.1)
HTTP/1.1 404 Not Found
Content-Length: 1031
Content-Type: application/json; charset=utf-8
cache-control: no-cache

[DEBUG] Adding key: http://localhost:46922 for channel [id: 0xb53da701, L:/127.0.0.1:49341 - R:localhost/127.0.0.1:46922]
[DEBUG] Using pooled Channel &apos;[id: 0xb53da701, L:/127.0.0.1:49341 - R:localhost/127.0.0.1:46922]&apos; for &apos;POST&apos; to &apos;http://localhost:46922/session/7841cf8a552679a54395c90ee180e920/element&apos;
[DEBUG] Using open Channel [id: 0xb53da701, L:/127.0.0.1:49341 - R:localhost/127.0.0.1:46922] for POST &apos;/session/7841cf8a552679a54395c90ee180e920/element&apos;
[DEBUG] 

Request DefaultHttpRequest(decodeResult: success, version: HTTP/1.1)
POST /session/7841cf8a552679a54395c90ee180e920/element HTTP/1.1
User-Agent: selenium/4.0.0-alpha-5 (java windows)
Content-Length: 54
Content-Type: application/json; charset=utf-8
host: localhost:46922
accept: */*

Response DefaultHttpResponse(decodeResult: success, version: HTTP/1.1)
HTTP/1.1 404 Not Found
Content-Length: 1031
Content-Type: application/json; charset=utf-8
cache-control: no-cache

[DEBUG] Adding key: http://localhost:46922 for channel [id: 0xb53da701, L:/127.0.0.1:49341 - R:localhost/127.0.0.1:46922]
[DEBUG] Entry count for : http://localhost:49342 : 1
[DEBUG] Entry count for : http://localhost:46922 : 1
[DEBUG] Using pooled Channel &apos;[id: 0xb53da701, L:/127.0.0.1:49341 - R:localhost/127.0.0.1:46922]&apos; for &apos;POST&apos; to &apos;http://localhost:46922/session/7841cf8a552679a54395c90ee180e920/element&apos;
[DEBUG] Using open Channel [id: 0xb53da701, L:/127.0.0.1:49341 - R:localhost/127.0.0.1:46922] for POST &apos;/session/7841cf8a552679a54395c90ee180e920/element&apos;
[DEBUG] 

Request DefaultHttpRequest(decodeResult: success, version: HTTP/1.1)
POST /session/7841cf8a552679a54395c90ee180e920/element HTTP/1.1
User-Agent: selenium/4.0.0-alpha-5 (java windows)
Content-Length: 54
Content-Type: application/json; charset=utf-8
host: localhost:46922
accept: */*

Response DefaultHttpResponse(decodeResult: success, version: HTTP/1.1)
HTTP/1.1 404 Not Found
Content-Length: 1031
Content-Type: application/json; charset=utf-8
cache-control: no-cache

[DEBUG] Adding key: http://localhost:46922 for channel [id: 0xb53da701, L:/127.0.0.1:49341 - R:localhost/127.0.0.1:46922]
[DEBUG] Using pooled Channel &apos;[id: 0xb53da701, L:/127.0.0.1:49341 - R:localhost/127.0.0.1:46922]&apos; for &apos;POST&apos; to &apos;http://localhost:46922/session/7841cf8a552679a54395c90ee180e920/element&apos;
[DEBUG] Using open Channel [id: 0xb53da701, L:/127.0.0.1:49341 - R:localhost/127.0.0.1:46922] for POST &apos;/session/7841cf8a552679a54395c90ee180e920/element&apos;
[DEBUG] 

Request DefaultHttpRequest(decodeResult: success, version: HTTP/1.1)
POST /session/7841cf8a552679a54395c90ee180e920/element HTTP/1.1
User-Agent: selenium/4.0.0-alpha-5 (java windows)
Content-Length: 54
Content-Type: application/json; charset=utf-8
host: localhost:46922
accept: */*

Response DefaultHttpResponse(decodeResult: success, version: HTTP/1.1)
HTTP/1.1 404 Not Found
Content-Length: 1031
Content-Type: application/json; charset=utf-8
cache-control: no-cache

[DEBUG] Adding key: http://localhost:46922 for channel [id: 0xb53da701, L:/127.0.0.1:49341 - R:localhost/127.0.0.1:46922]
[DEBUG] Entry count for : http://localhost:49342 : 1
[DEBUG] Entry count for : http://localhost:46922 : 1
[DEBUG] Using pooled Channel &apos;[id: 0xb53da701, L:/127.0.0.1:49341 - R:localhost/127.0.0.1:46922]&apos; for &apos;POST&apos; to &apos;http://localhost:46922/session/7841cf8a552679a54395c90ee180e920/element&apos;
[DEBUG] Using open Channel [id: 0xb53da701, L:/127.0.0.1:49341 - R:localhost/127.0.0.1:46922] for POST &apos;/session/7841cf8a552679a54395c90ee180e920/element&apos;
[DEBUG] 

Request DefaultHttpRequest(decodeResult: success, version: HTTP/1.1)
POST /session/7841cf8a552679a54395c90ee180e920/element HTTP/1.1
User-Agent: selenium/4.0.0-alpha-5 (java windows)
Content-Length: 54
Content-Type: application/json; charset=utf-8
host: localhost:46922
accept: */*

Response DefaultHttpResponse(decodeResult: success, version: HTTP/1.1)
HTTP/1.1 404 Not Found
Content-Length: 1031
Content-Type: application/json; charset=utf-8
cache-control: no-cache

[DEBUG] Adding key: http://localhost:46922 for channel [id: 0xb53da701, L:/127.0.0.1:49341 - R:localhost/127.0.0.1:46922]
[DEBUG] Using pooled Channel &apos;[id: 0xb53da701, L:/127.0.0.1:49341 - R:localhost/127.0.0.1:46922]&apos; for &apos;POST&apos; to &apos;http://localhost:46922/session/7841cf8a552679a54395c90ee180e920/element&apos;
[DEBUG] Using open Channel [id: 0xb53da701, L:/127.0.0.1:49341 - R:localhost/127.0.0.1:46922] for POST &apos;/session/7841cf8a552679a54395c90ee180e920/element&apos;
[DEBUG] 

Request DefaultHttpRequest(decodeResult: success, version: HTTP/1.1)
POST /session/7841cf8a552679a54395c90ee180e920/element HTTP/1.1
User-Agent: selenium/4.0.0-alpha-5 (java windows)
Content-Length: 54
Content-Type: application/json; charset=utf-8
host: localhost:46922
accept: */*

Response DefaultHttpResponse(decodeResult: success, version: HTTP/1.1)
HTTP/1.1 404 Not Found
Content-Length: 1031
Content-Type: application/json; charset=utf-8
cache-control: no-cache

[DEBUG] Adding key: http://localhost:46922 for channel [id: 0xb53da701, L:/127.0.0.1:49341 - R:localhost/127.0.0.1:46922]
[DEBUG] Entry count for : http://localhost:49342 : 1
[DEBUG] Entry count for : http://localhost:46922 : 1
[DEBUG] Using pooled Channel &apos;[id: 0xb53da701, L:/127.0.0.1:49341 - R:localhost/127.0.0.1:46922]&apos; for &apos;POST&apos; to &apos;http://localhost:46922/session/7841cf8a552679a54395c90ee180e920/element&apos;
[DEBUG] Using open Channel [id: 0xb53da701, L:/127.0.0.1:49341 - R:localhost/127.0.0.1:46922] for POST &apos;/session/7841cf8a552679a54395c90ee180e920/element&apos;
[DEBUG] 

Request DefaultHttpRequest(decodeResult: success, version: HTTP/1.1)
POST /session/7841cf8a552679a54395c90ee180e920/element HTTP/1.1
User-Agent: selenium/4.0.0-alpha-5 (java windows)
Content-Length: 54
Content-Type: application/json; charset=utf-8
host: localhost:46922
accept: */*

Response DefaultHttpResponse(decodeResult: success, version: HTTP/1.1)
HTTP/1.1 404 Not Found
Content-Length: 1031
Content-Type: application/json; charset=utf-8
cache-control: no-cache

[DEBUG] Adding key: http://localhost:46922 for channel [id: 0xb53da701, L:/127.0.0.1:49341 - R:localhost/127.0.0.1:46922]
[DEBUG] Using pooled Channel &apos;[id: 0xb53da701, L:/127.0.0.1:49341 - R:localhost/127.0.0.1:46922]&apos; for &apos;POST&apos; to &apos;http://localhost:46922/session/7841cf8a552679a54395c90ee180e920/element&apos;
[DEBUG] Using open Channel [id: 0xb53da701, L:/127.0.0.1:49341 - R:localhost/127.0.0.1:46922] for POST &apos;/session/7841cf8a552679a54395c90ee180e920/element&apos;
 INFO [main] (PageActions.java:155)- *****Element By.id: Password1 not found on the page*****
[DEBUG] 

Request DefaultHttpRequest(decodeResult: success, version: HTTP/1.1)
POST /session/7841cf8a552679a54395c90ee180e920/element HTTP/1.1
User-Agent: selenium/4.0.0-alpha-5 (java windows)
Content-Length: 54
Content-Type: application/json; charset=utf-8
host: localhost:46922
accept: */*

Response DefaultHttpResponse(decodeResult: success, version: HTTP/1.1)
HTTP/1.1 404 Not Found
Content-Length: 1031
Content-Type: application/json; charset=utf-8
cache-control: no-cache

[DEBUG] Adding key: http://localhost:46922 for channel [id: 0xb53da701, L:/127.0.0.1:49341 - R:localhost/127.0.0.1:46922]
 INFO [main] (Hooks.java:30)- Scenario is failed : Successful Login with Valid Credentials
[DEBUG] Using pooled Channel &apos;[id: 0xb53da701, L:/127.0.0.1:49341 - R:localhost/127.0.0.1:46922]&apos; for &apos;GET&apos; to &apos;http://localhost:46922/session/7841cf8a552679a54395c90ee180e920/screenshot&apos;
[DEBUG] Using open Channel [id: 0xb53da701, L:/127.0.0.1:49341 - R:localhost/127.0.0.1:46922] for GET &apos;/session/7841cf8a552679a54395c90ee180e920/screenshot&apos;
[DEBUG] Entry count for : http://localhost:49342 : 1
[DEBUG] 

Request DefaultFullHttpRequest(decodeResult: success, version: HTTP/1.1, content: EmptyByteBufBE)
GET /session/7841cf8a552679a54395c90ee180e920/screenshot HTTP/1.1
User-Agent: selenium/4.0.0-alpha-5 (java windows)
Cache-Control: no-cache
host: localhost:46922
accept: */*

Response DefaultHttpResponse(decodeResult: success, version: HTTP/1.1)
HTTP/1.1 200 OK
Content-Length: 35040
Content-Type: application/json; charset=utf-8
cache-control: no-cache

[DEBUG] Adding key: http://localhost:46922 for channel [id: 0xb53da701, L:/127.0.0.1:49341 - R:localhost/127.0.0.1:46922]
 INFO [main] (PageActions.java:184)- *****Screenshot captured successfully*****
[DEBUG] Using pooled Channel &apos;[id: 0xb53da701, L:/127.0.0.1:49341 - R:localhost/127.0.0.1:46922]&apos; for &apos;DELETE&apos; to &apos;http://localhost:46922/session/7841cf8a552679a54395c90ee180e920&apos;
[DEBUG] Using open Channel [id: 0xb53da701, L:/127.0.0.1:49341 - R:localhost/127.0.0.1:46922] for DELETE &apos;/session/7841cf8a552679a54395c90ee180e920&apos;
[DEBUG] 

Request DefaultFullHttpRequest(decodeResult: success, version: HTTP/1.1, content: EmptyByteBufBE)
DELETE /session/7841cf8a552679a54395c90ee180e920 HTTP/1.1
User-Agent: selenium/4.0.0-alpha-5 (java windows)
host: localhost:46922
accept: */*

Response DefaultHttpResponse(decodeResult: success, version: HTTP/1.1)
HTTP/1.1 200 OK
Content-Length: 14
Content-Type: application/json; charset=utf-8
cache-control: no-cache

[DEBUG] Adding key: http://localhost:46922 for channel [id: 0xb53da701, L:/127.0.0.1:49341 - R:localhost/127.0.0.1:46922]
[DEBUG] Unexpected I/O exception on channel [id: 0x665bbc23, L:/127.0.0.1:49350 - R:localhost/127.0.0.1:49342]
java.io.IOException: An existing connection was forcibly closed by the remote host
	at sun.nio.ch.SocketDispatcher.read0(Native Method) ~[na:1.8.0_211]
	at sun.nio.ch.SocketDispatcher.read(SocketDispatcher.java:43) ~[na:1.8.0_211]
	at sun.nio.ch.IOUtil.readIntoNativeBuffer(IOUtil.java:223) ~[na:1.8.0_211]
	at sun.nio.ch.IOUtil.read(IOUtil.java:192) ~[na:1.8.0_211]
	at sun.nio.ch.SocketChannelImpl.read(SocketChannelImpl.java:380) ~[na:1.8.0_211]
	at io.netty.buffer.PooledByteBuf.setBytes(PooledByteBuf.java:253) ~[netty-buffer-4.1.47.Final.jar:4.1.47.Final]
	at io.netty.buffer.AbstractByteBuf.writeBytes(AbstractByteBuf.java:1133) ~[netty-buffer-4.1.47.Final.jar:4.1.47.Final]
	at io.netty.channel.socket.nio.NioSocketChannel.doReadBytes(NioSocketChannel.java:350) ~[netty-transport-4.1.47.Final.jar:4.1.47.Final]
	at io.netty.channel.nio.AbstractNioByteChannel$NioByteUnsafe.read(AbstractNioByteChannel.java:148) ~[netty-transport-4.1.47.Final.jar:4.1.47.Final]
	at io.netty.channel.nio.NioEventLoop.processSelectedKey(NioEventLoop.java:714) [netty-transport-4.1.47.Final.jar:4.1.47.Final]
	at io.netty.channel.nio.NioEventLoop.processSelectedKeysOptimized(NioEventLoop.java:650) [netty-transport-4.1.47.Final.jar:4.1.47.Final]
	at io.netty.channel.nio.NioEventLoop.processSelectedKeys(NioEventLoop.java:576) [netty-transport-4.1.47.Final.jar:4.1.47.Final]
	at io.netty.channel.nio.NioEventLoop.run(NioEventLoop.java:493) [netty-transport-4.1.47.Final.jar:4.1.47.Final]
	at io.netty.util.concurrent.SingleThreadEventExecutor$4.run(SingleThreadEventExecutor.java:989) [netty-common-4.1.47.Final.jar:4.1.47.Final]
	at io.netty.util.internal.ThreadExecutorMap$2.run(ThreadExecutorMap.java:74) [netty-common-4.1.47.Final.jar:4.1.47.Final]
	at io.netty.util.concurrent.FastThreadLocalRunnable.run(FastThreadLocalRunnable.java:30) [netty-common-4.1.47.Final.jar:4.1.47.Final]
	at java.lang.Thread.run(Thread.java:748) [na:1.8.0_211]
[DEBUG] Unexpected I/O exception on channel [id: 0x41ea9193, L:/127.0.0.1:49349 - R:localhost/127.0.0.1:49342]
java.io.IOException: An existing connection was forcibly closed by the remote host
	at sun.nio.ch.SocketDispatcher.read0(Native Method) ~[na:1.8.0_211]
	at sun.nio.ch.SocketDispatcher.read(SocketDispatcher.java:43) ~[na:1.8.0_211]
	at sun.nio.ch.IOUtil.readIntoNativeBuffer(IOUtil.java:223) ~[na:1.8.0_211]
	at sun.nio.ch.IOUtil.read(IOUtil.java:192) ~[na:1.8.0_211]
	at sun.nio.ch.SocketChannelImpl.read(SocketChannelImpl.java:380) ~[na:1.8.0_211]
	at io.netty.buffer.PooledByteBuf.setBytes(PooledByteBuf.java:253) ~[netty-buffer-4.1.47.Final.jar:4.1.47.Final]
	at io.netty.buffer.AbstractByteBuf.writeBytes(AbstractByteBuf.java:1133) ~[netty-buffer-4.1.47.Final.jar:4.1.47.Final]
	at io.netty.channel.socket.nio.NioSocketChannel.doReadBytes(NioSocketChannel.java:350) ~[netty-transport-4.1.47.Final.jar:4.1.47.Final]
	at io.netty.channel.nio.AbstractNioByteChannel$NioByteUnsafe.read(AbstractNioByteChannel.java:148) ~[netty-transport-4.1.47.Final.jar:4.1.47.Final]
	at io.netty.channel.nio.NioEventLoop.processSelectedKey(NioEventLoop.java:714) [netty-transport-4.1.47.Final.jar:4.1.47.Final]
	at io.netty.channel.nio.NioEventLoop.processSelectedKeysOptimized(NioEventLoop.java:650) [netty-transport-4.1.47.Final.jar:4.1.47.Final]
	at io.netty.channel.nio.NioEventLoop.processSelectedKeys(NioEventLoop.java:576) [netty-transport-4.1.47.Final.jar:4.1.47.Final]
	at io.netty.channel.nio.NioEventLoop.run(NioEventLoop.java:493) [netty-transport-4.1.47.Final.jar:4.1.47.Final]
	at io.netty.util.concurrent.SingleThreadEventExecutor$4.run(SingleThreadEventExecutor.java:989) [netty-common-4.1.47.Final.jar:4.1.47.Final]
	at io.netty.util.internal.ThreadExecutorMap$2.run(ThreadExecutorMap.java:74) [netty-common-4.1.47.Final.jar:4.1.47.Final]
	at io.netty.util.concurrent.FastThreadLocalRunnable.run(FastThreadLocalRunnable.java:30) [netty-common-4.1.47.Final.jar:4.1.47.Final]
	at java.lang.Thread.run(Thread.java:748) [na:1.8.0_211]
[DEBUG] Closing Channel [id: 0x41ea9193, L:/127.0.0.1:49349 - R:localhost/127.0.0.1:49342] 
[DEBUG] Trying to recover from dead Channel: [id: 0x665bbc23, L:/127.0.0.1:49350 - R:localhost/127.0.0.1:49342]
[DEBUG] Channel Closed: [id: 0x665bbc23, L:/127.0.0.1:49350 ! R:localhost/127.0.0.1:49342] with attribute NettyResponseFuture{currentRetry=5,
	isDone=1,
	isCancelled=0,
	asyncHandler=org.asynchttpclient.ws.WebSocketUpgradeHandler@c9b97d,
	nettyRequest=org.asynchttpclient.netty.request.NettyRequest@149228a,
	future=java.util.concurrent.CompletableFuture@1ddcae7[Completed normally],
	uri=ws://localhost:49342/devtools/browser/f41646a8-ef56-4cfd-9657-c84832ad7231,
	keepAlive=true,
	redirectCount=0,
	timeoutsHolder=null,
	inAuth=0,
	touch=1588423827021}
[DEBUG] Closing Channel [id: 0x665bbc23, L:/127.0.0.1:49350 ! R:localhost/127.0.0.1:49342] 
[DEBUG] Channel Closed: [id: 0x41ea9193, L:/127.0.0.1:49349 ! R:localhost/127.0.0.1:49342] with attribute DISCARD
[DEBUG] Channel Closed: [id: 0xb53da701, L:/127.0.0.1:49341 ! R:localhost/127.0.0.1:46922] with attribute DISCARD
[DEBUG] Entry count for : http://localhost:49342 : 1
[DEBUG] Entry count for : http://localhost:46922 : 1
[DEBUG] Adding Candidate expired Channel [id: 0x41ea9193, L:/127.0.0.1:49349 ! R:localhost/127.0.0.1:49342] isIdleTimeoutExpired=false isRemotelyClosed=true isTtlExpired=false
[DEBUG] Closing Idle Channel [id: 0x41ea9193, L:/127.0.0.1:49349 ! R:localhost/127.0.0.1:49342]
[DEBUG] Adding Candidate expired Channel [id: 0xb53da701, L:/127.0.0.1:49341 ! R:localhost/127.0.0.1:46922] isIdleTimeoutExpired=false isRemotelyClosed=true isTtlExpired=false
[DEBUG] Closing Idle Channel [id: 0xb53da701, L:/127.0.0.1:49341 ! R:localhost/127.0.0.1:46922]
[DEBUG] Closed 2 connections out of 2 in 0 ms
</system-out>
    <system-err>May 02, 2020 6:19:29 PM cucumber.runtime.java.ObjectFactoryLoader loadSingleObjectFactory
INFO: Loading ObjectFactory via service loader: io.cucumber.picocontainer.PicoFactory
May 02, 2020 6:19:37 PM org.openqa.selenium.remote.ProtocolHandshake createSession
INFO: Detected dialect: W3C
</system-err>
  </testcase>
</testsuite>