<?xml version="1.0" encoding="UTF-8" ?>
<testsuite tests="2" failures="1" name="TestRunner.TestRun" time="43.898" errors="0" skipped="0">
  <properties>
    <property name="java.runtime.name" value="Java(TM) SE Runtime Environment"/>
    <property name="sun.boot.library.path" value="C:\Program Files\Java\jdk1.8.0_211\jre\bin"/>
    <property name="java.vm.version" value="25.211-b12"/>
    <property name="java.vm.vendor" value="Oracle Corporation"/>
    <property name="maven.multiModuleProjectDirectory" value="D:\AutomationFramework\AutomationFramework"/>
    <property name="java.vendor.url" value="http://java.oracle.com/"/>
    <property name="path.separator" value=";"/>
    <property name="guice.disable.misplaced.annotation.check" value="true"/>
    <property name="java.vm.name" value="Java HotSpot(TM) Client VM"/>
    <property name="file.encoding.pkg" value="sun.io"/>
    <property name="user.script" value=""/>
    <property name="user.country" value="US"/>
    <property name="sun.java.launcher" value="SUN_STANDARD"/>
    <property name="sun.os.patch.level" value=""/>
    <property name="java.vm.specification.name" value="Java Virtual Machine Specification"/>
    <property name="user.dir" value="D:\AutomationFramework\AutomationFramework"/>
    <property name="java.runtime.version" value="1.8.0_211-b12"/>
    <property name="java.awt.graphicsenv" value="sun.awt.Win32GraphicsEnvironment"/>
    <property name="java.endorsed.dirs" value="C:\Program Files\Java\jdk1.8.0_211\jre\lib\endorsed"/>
    <property name="os.arch" value="x86"/>
    <property name="java.io.tmpdir" value="C:\Users\SAGARC~1\AppData\Local\Temp\"/>
    <property name="line.separator" value="
"/>
    <property name="java.vm.specification.vendor" value="Oracle Corporation"/>
    <property name="user.variant" value=""/>
    <property name="os.name" value="Windows 7"/>
    <property name="classworlds.conf" value="D:\apache-maven-3.6.3\bin\..\bin\m2.conf"/>
    <property name="sun.jnu.encoding" value="Cp1252"/>
    <property name="java.library.path" value="C:\Program Files\Java\jdk1.8.0_211\bin;C:\Windows\Sun\Java\bin;C:\Windows\system32;C:\Windows;C:\Windows\system32;C:\Windows\System32\Wbem;C:\Windows\System32\WindowsPowerShell\v1.0\;%JAVA_HOME\bin%;C:\Program Files\Git\cmd;C:\Program Files\PuTTY\;C:\Program Files\Java\jdk1.8.0_211\bin\;D:\apache-maven-3.6.3\bin\;."/>
    <property name="maven.conf" value="D:\apache-maven-3.6.3\bin\../conf"/>
    <property name="java.specification.name" value="Java Platform API Specification"/>
    <property name="java.class.version" value="52.0"/>
    <property name="sun.management.compiler" value="HotSpot Client Compiler"/>
    <property name="os.version" value="6.1"/>
    <property name="library.jansi.path" value="D:\apache-maven-3.6.3\bin\..\lib\jansi-native"/>
    <property name="user.home" value="C:\Users\Sagar Chawla"/>
    <property name="user.timezone" value="Asia/Calcutta"/>
    <property name="java.awt.printerjob" value="sun.awt.windows.WPrinterJob"/>
    <property name="java.specification.version" value="1.8"/>
    <property name="file.encoding" value="Cp1252"/>
    <property name="user.name" value="Sagar Chawla"/>
    <property name="java.class.path" value="D:\apache-maven-3.6.3\bin\..\boot\plexus-classworlds-2.6.0.jar"/>
    <property name="java.vm.specification.version" value="1.8"/>
    <property name="sun.arch.data.model" value="32"/>
    <property name="java.home" value="C:\Program Files\Java\jdk1.8.0_211\jre"/>
    <property name="sun.java.command" value="org.codehaus.plexus.classworlds.launcher.Launcher test"/>
    <property name="java.specification.vendor" value="Oracle Corporation"/>
    <property name="user.language" value="en"/>
    <property name="awt.toolkit" value="sun.awt.windows.WToolkit"/>
    <property name="java.vm.info" value="mixed mode, sharing"/>
    <property name="java.version" value="1.8.0_211"/>
    <property name="java.ext.dirs" value="C:\Program Files\Java\jdk1.8.0_211\jre\lib\ext;C:\Windows\Sun\Java\lib\ext"/>
    <property name="sun.boot.class.path" value="C:\Program Files\Java\jdk1.8.0_211\jre\lib\resources.jar;C:\Program Files\Java\jdk1.8.0_211\jre\lib\rt.jar;C:\Program Files\Java\jdk1.8.0_211\jre\lib\sunrsasign.jar;C:\Program Files\Java\jdk1.8.0_211\jre\lib\jsse.jar;C:\Program Files\Java\jdk1.8.0_211\jre\lib\jce.jar;C:\Program Files\Java\jdk1.8.0_211\jre\lib\charsets.jar;C:\Program Files\Java\jdk1.8.0_211\jre\lib\jfr.jar;C:\Program Files\Java\jdk1.8.0_211\jre\classes"/>
    <property name="sun.stderr.encoding" value="cp437"/>
    <property name="java.vendor" value="Oracle Corporation"/>
    <property name="maven.home" value="D:\apache-maven-3.6.3\bin\.."/>
    <property name="file.separator" value="\"/>
    <property name="java.vendor.url.bug" value="http://bugreport.sun.com/bugreport/"/>
    <property name="sun.cpu.endian" value="little"/>
    <property name="sun.io.unicode.encoding" value="UnicodeLittle"/>
    <property name="sun.stdout.encoding" value="cp437"/>
    <property name="sun.desktop" value="windows"/>
    <property name="sun.cpu.isalist" value="pentium_pro+mmx pentium_pro pentium+mmx pentium i486 i386 i86"/>
  </properties>
  <testcase classname="TestRunner.TestRun" name="runScenario" time="33.292"/>
  <testcase classname="TestRunner.TestRun" name="runScenario" time="10.606">
    <failure message="expected [Your store. Login] but found [Dashboard / nopCommerce administration]" type="java.lang.AssertionError">java.lang.AssertionError: expected [Your store. Login] but found [Dashboard / nopCommerce administration]
	at org.testng.Assert.fail(Assert.java:97)
	at org.testng.Assert.assertEqualsImpl(Assert.java:136)
	at org.testng.Assert.assertEquals(Assert.java:118)
	at org.testng.Assert.assertEquals(Assert.java:575)
	at org.testng.Assert.assertEquals(Assert.java:585)
	at pageObjects.LoginPage.verifyPageTitle(LoginPage.java:51)
	at stepDefinitions.Steps.page_Title_should_be(Steps.java:53)
	at âœ½.Page Title should be &quot;Dashboard / nopCommerce administration&quot;(file:Features/Login.feature:20)
</failure>
    <system-out>[DEBUG] Using new Channel &apos;[id: 0x9ce553a7, L:/127.0.0.1:60552 - R:localhost/127.0.0.1:30061]&apos; for &apos;POST&apos; to &apos;/session&apos;
[DEBUG] 

Request DefaultHttpRequest(decodeResult: success, version: HTTP/1.1)
POST /session HTTP/1.1
User-Agent: selenium/4.0.0-alpha-5 (java windows)
Content-Length: 1111
Content-Type: application/json; charset=utf-8
host: localhost:30061
accept: */*

Response DefaultHttpResponse(decodeResult: success, version: HTTP/1.1)
HTTP/1.1 200 OK
Content-Length: 717
Content-Type: application/json; charset=utf-8
cache-control: no-cache

[DEBUG] Adding key: http://localhost:30061 for channel [id: 0x9ce553a7, L:/127.0.0.1:60552 - R:localhost/127.0.0.1:30061]
[DEBUG] Using new Channel &apos;[id: 0x5cc8e677, L:/127.0.0.1:60564 - R:localhost/127.0.0.1:60553]&apos; for &apos;GET&apos; to &apos;/json/version&apos;
[DEBUG] 

Request DefaultFullHttpRequest(decodeResult: success, version: HTTP/1.1, content: EmptyByteBufBE)
GET /json/version HTTP/1.1
User-Agent: selenium/4.0.0-alpha-5 (java windows)
host: localhost:60553
accept: */*

Response DefaultHttpResponse(decodeResult: success, version: HTTP/1.1)
HTTP/1.1 200 OK
Content-Length: 415
Content-Type: application/json; charset=UTF-8

[DEBUG] Adding key: http://localhost:60553 for channel [id: 0x5cc8e677, L:/127.0.0.1:60564 - R:localhost/127.0.0.1:60553]
[DEBUG] Using new Channel &apos;[id: 0x98115c5f, L:/127.0.0.1:60565 - R:localhost/127.0.0.1:60553]&apos; for &apos;GET&apos; to &apos;/devtools/browser/73ab5eaf-91d5-4dd7-8994-869424b16b7e&apos;
[DEBUG] 

Request DefaultFullHttpRequest(decodeResult: success, version: HTTP/1.1, content: EmptyByteBufBE)
GET /devtools/browser/73ab5eaf-91d5-4dd7-8994-869424b16b7e HTTP/1.1
upgrade: websocket
connection: upgrade
sec-websocket-key: J35DbzLsTCR5/8IlxtShVw==
sec-websocket-version: 13
origin: http://localhost:60553
host: localhost:60553
accept: */*
user-agent: AHC/2.1

Response DefaultHttpResponse(decodeResult: success, version: HTTP/1.1)
HTTP/1.1 101 WebSocket Protocol Handshake
Upgrade: WebSocket
Connection: Upgrade
Sec-WebSocket-Accept: vJInL1Vc4xc+QmTWLSX9I8pj2+8=

[DEBUG] Using pooled Channel &apos;[id: 0x9ce553a7, L:/127.0.0.1:60552 - R:localhost/127.0.0.1:30061]&apos; for &apos;POST&apos; to &apos;http://localhost:30061/session/d32d5a095e68e2c80ec809efdbe9a324/window/maximize&apos;
[DEBUG] Using open Channel [id: 0x9ce553a7, L:/127.0.0.1:60552 - R:localhost/127.0.0.1:30061] for POST &apos;/session/d32d5a095e68e2c80ec809efdbe9a324/window/maximize&apos;
[DEBUG] Entry count for : http://localhost:60553 : 1
[DEBUG] 

Request DefaultHttpRequest(decodeResult: success, version: HTTP/1.1)
POST /session/d32d5a095e68e2c80ec809efdbe9a324/window/maximize HTTP/1.1
User-Agent: selenium/4.0.0-alpha-5 (java windows)
Content-Length: 3
Content-Type: application/json; charset=utf-8
host: localhost:30061
accept: */*

Response DefaultHttpResponse(decodeResult: success, version: HTTP/1.1)
HTTP/1.1 200 OK
Content-Length: 51
Content-Type: application/json; charset=utf-8
cache-control: no-cache

[DEBUG] Adding key: http://localhost:30061 for channel [id: 0x9ce553a7, L:/127.0.0.1:60552 - R:localhost/127.0.0.1:30061]
[DEBUG] Using pooled Channel &apos;[id: 0x9ce553a7, L:/127.0.0.1:60552 - R:localhost/127.0.0.1:30061]&apos; for &apos;DELETE&apos; to &apos;http://localhost:30061/session/d32d5a095e68e2c80ec809efdbe9a324/cookie&apos;
[DEBUG] Using open Channel [id: 0x9ce553a7, L:/127.0.0.1:60552 - R:localhost/127.0.0.1:30061] for DELETE &apos;/session/d32d5a095e68e2c80ec809efdbe9a324/cookie&apos;
[DEBUG] 

Request DefaultFullHttpRequest(decodeResult: success, version: HTTP/1.1, content: EmptyByteBufBE)
DELETE /session/d32d5a095e68e2c80ec809efdbe9a324/cookie HTTP/1.1
User-Agent: selenium/4.0.0-alpha-5 (java windows)
host: localhost:30061
accept: */*

Response DefaultHttpResponse(decodeResult: success, version: HTTP/1.1)
HTTP/1.1 200 OK
Content-Length: 14
Content-Type: application/json; charset=utf-8
cache-control: no-cache

[DEBUG] Adding key: http://localhost:30061 for channel [id: 0x9ce553a7, L:/127.0.0.1:60552 - R:localhost/127.0.0.1:30061]
 INFO [main] (DriverManager.java:66)- *****Browser launched : chrome*****
[DEBUG] Using pooled Channel &apos;[id: 0x9ce553a7, L:/127.0.0.1:60552 - R:localhost/127.0.0.1:30061]&apos; for &apos;POST&apos; to &apos;http://localhost:30061/session/d32d5a095e68e2c80ec809efdbe9a324/url&apos;
[DEBUG] Using open Channel [id: 0x9ce553a7, L:/127.0.0.1:60552 - R:localhost/127.0.0.1:30061] for POST &apos;/session/d32d5a095e68e2c80ec809efdbe9a324/url&apos;
[DEBUG] 

Request DefaultHttpRequest(decodeResult: success, version: HTTP/1.1)
POST /session/d32d5a095e68e2c80ec809efdbe9a324/url HTTP/1.1
User-Agent: selenium/4.0.0-alpha-5 (java windows)
Content-Length: 69
Content-Type: application/json; charset=utf-8
host: localhost:30061
accept: */*

Response DefaultHttpResponse(decodeResult: success, version: HTTP/1.1)
HTTP/1.1 200 OK
Content-Length: 14
Content-Type: application/json; charset=utf-8
cache-control: no-cache

[DEBUG] Adding key: http://localhost:30061 for channel [id: 0x9ce553a7, L:/127.0.0.1:60552 - R:localhost/127.0.0.1:30061]
 INFO [main] (PageActions.java:59)- *****Launched url : http://admin-demo.nopcommerce.com/login*****
[DEBUG] Using pooled Channel &apos;[id: 0x9ce553a7, L:/127.0.0.1:60552 - R:localhost/127.0.0.1:30061]&apos; for &apos;POST&apos; to &apos;http://localhost:30061/session/d32d5a095e68e2c80ec809efdbe9a324/element&apos;
[DEBUG] Using open Channel [id: 0x9ce553a7, L:/127.0.0.1:60552 - R:localhost/127.0.0.1:30061] for POST &apos;/session/d32d5a095e68e2c80ec809efdbe9a324/element&apos;
[DEBUG] Entry count for : http://localhost:60553 : 1
[DEBUG] 

Request DefaultHttpRequest(decodeResult: success, version: HTTP/1.1)
POST /session/d32d5a095e68e2c80ec809efdbe9a324/element HTTP/1.1
User-Agent: selenium/4.0.0-alpha-5 (java windows)
Content-Length: 70
Content-Type: application/json; charset=utf-8
host: localhost:30061
accept: */*

Response DefaultHttpResponse(decodeResult: success, version: HTTP/1.1)
HTTP/1.1 404 Not Found
Content-Length: 1037
Content-Type: application/json; charset=utf-8
cache-control: no-cache

[DEBUG] Adding key: http://localhost:30061 for channel [id: 0x9ce553a7, L:/127.0.0.1:60552 - R:localhost/127.0.0.1:30061]
[DEBUG] Entry count for : http://localhost:30061 : 1
[DEBUG] Entry count for : http://localhost:60553 : 1
[DEBUG] Using pooled Channel &apos;[id: 0x9ce553a7, L:/127.0.0.1:60552 - R:localhost/127.0.0.1:30061]&apos; for &apos;POST&apos; to &apos;http://localhost:30061/session/d32d5a095e68e2c80ec809efdbe9a324/element&apos;
[DEBUG] Using open Channel [id: 0x9ce553a7, L:/127.0.0.1:60552 - R:localhost/127.0.0.1:30061] for POST &apos;/session/d32d5a095e68e2c80ec809efdbe9a324/element&apos;
[DEBUG] 

Request DefaultHttpRequest(decodeResult: success, version: HTTP/1.1)
POST /session/d32d5a095e68e2c80ec809efdbe9a324/element HTTP/1.1
User-Agent: selenium/4.0.0-alpha-5 (java windows)
Content-Length: 70
Content-Type: application/json; charset=utf-8
host: localhost:30061
accept: */*

Response DefaultHttpResponse(decodeResult: success, version: HTTP/1.1)
HTTP/1.1 200 OK
Content-Length: 88
Content-Type: application/json; charset=utf-8
cache-control: no-cache

[DEBUG] Adding key: http://localhost:30061 for channel [id: 0x9ce553a7, L:/127.0.0.1:60552 - R:localhost/127.0.0.1:30061]
[DEBUG] Using pooled Channel &apos;[id: 0x9ce553a7, L:/127.0.0.1:60552 - R:localhost/127.0.0.1:30061]&apos; for &apos;POST&apos; to &apos;http://localhost:30061/session/d32d5a095e68e2c80ec809efdbe9a324/execute/sync&apos;
[DEBUG] Using open Channel [id: 0x9ce553a7, L:/127.0.0.1:60552 - R:localhost/127.0.0.1:30061] for POST &apos;/session/d32d5a095e68e2c80ec809efdbe9a324/execute/sync&apos;
[DEBUG] 

Request DefaultHttpRequest(decodeResult: success, version: HTTP/1.1)
POST /session/d32d5a095e68e2c80ec809efdbe9a324/execute/sync HTTP/1.1
User-Agent: selenium/4.0.0-alpha-5 (java windows)
Content-Length: 49163
Content-Type: application/json; charset=utf-8
host: localhost:30061
accept: */*

Response DefaultHttpResponse(decodeResult: success, version: HTTP/1.1)
HTTP/1.1 200 OK
Content-Length: 14
Content-Type: application/json; charset=utf-8
cache-control: no-cache

[DEBUG] Adding key: http://localhost:30061 for channel [id: 0x9ce553a7, L:/127.0.0.1:60552 - R:localhost/127.0.0.1:30061]
 INFO [main] (PageActions.java:154)- *****Element By.xpath: //input[@class=&apos;email&apos;] found on the page*****
[DEBUG] Using pooled Channel &apos;[id: 0x9ce553a7, L:/127.0.0.1:60552 - R:localhost/127.0.0.1:30061]&apos; for &apos;POST&apos; to &apos;http://localhost:30061/session/d32d5a095e68e2c80ec809efdbe9a324/element/f2b96f5b-f286-422d-9800-41f83a3ce231/clear&apos;
[DEBUG] Using open Channel [id: 0x9ce553a7, L:/127.0.0.1:60552 - R:localhost/127.0.0.1:30061] for POST &apos;/session/d32d5a095e68e2c80ec809efdbe9a324/element/f2b96f5b-f286-422d-9800-41f83a3ce231/clear&apos;
[DEBUG] 

Request DefaultHttpRequest(decodeResult: success, version: HTTP/1.1)
POST /session/d32d5a095e68e2c80ec809efdbe9a324/element/f2b96f5b-f286-422d-9800-41f83a3ce231/clear HTTP/1.1
User-Agent: selenium/4.0.0-alpha-5 (java windows)
Content-Length: 50
Content-Type: application/json; charset=utf-8
host: localhost:30061
accept: */*

Response DefaultHttpResponse(decodeResult: success, version: HTTP/1.1)
HTTP/1.1 200 OK
Content-Length: 14
Content-Type: application/json; charset=utf-8
cache-control: no-cache

[DEBUG] Adding key: http://localhost:30061 for channel [id: 0x9ce553a7, L:/127.0.0.1:60552 - R:localhost/127.0.0.1:30061]
[DEBUG] Using pooled Channel &apos;[id: 0x9ce553a7, L:/127.0.0.1:60552 - R:localhost/127.0.0.1:30061]&apos; for &apos;POST&apos; to &apos;http://localhost:30061/session/d32d5a095e68e2c80ec809efdbe9a324/element/f2b96f5b-f286-422d-9800-41f83a3ce231/value&apos;
[DEBUG] Using open Channel [id: 0x9ce553a7, L:/127.0.0.1:60552 - R:localhost/127.0.0.1:30061] for POST &apos;/session/d32d5a095e68e2c80ec809efdbe9a324/element/f2b96f5b-f286-422d-9800-41f83a3ce231/value&apos;
[DEBUG] 

Request DefaultHttpRequest(decodeResult: success, version: HTTP/1.1)
POST /session/d32d5a095e68e2c80ec809efdbe9a324/element/f2b96f5b-f286-422d-9800-41f83a3ce231/value HTTP/1.1
User-Agent: selenium/4.0.0-alpha-5 (java windows)
Content-Length: 281
Content-Type: application/json; charset=utf-8
host: localhost:30061
accept: */*

Response DefaultHttpResponse(decodeResult: success, version: HTTP/1.1)
HTTP/1.1 200 OK
Content-Length: 14
Content-Type: application/json; charset=utf-8
cache-control: no-cache

[DEBUG] Adding key: http://localhost:30061 for channel [id: 0x9ce553a7, L:/127.0.0.1:60552 - R:localhost/127.0.0.1:30061]
 INFO [main] (PageActions.java:136)- *****Text: admin1@yourstore.com entered in [[ChromeDriver: chrome on WINDOWS (d32d5a095e68e2c80ec809efdbe9a324)] -&gt; xpath: //input[@class=&apos;email&apos;]]*****
[DEBUG] Using pooled Channel &apos;[id: 0x9ce553a7, L:/127.0.0.1:60552 - R:localhost/127.0.0.1:30061]&apos; for &apos;POST&apos; to &apos;http://localhost:30061/session/d32d5a095e68e2c80ec809efdbe9a324/element&apos;
[DEBUG] Using open Channel [id: 0x9ce553a7, L:/127.0.0.1:60552 - R:localhost/127.0.0.1:30061] for POST &apos;/session/d32d5a095e68e2c80ec809efdbe9a324/element&apos;
[DEBUG] 

Request DefaultHttpRequest(decodeResult: success, version: HTTP/1.1)
POST /session/d32d5a095e68e2c80ec809efdbe9a324/element HTTP/1.1
User-Agent: selenium/4.0.0-alpha-5 (java windows)
Content-Length: 53
Content-Type: application/json; charset=utf-8
host: localhost:30061
accept: */*

Response DefaultHttpResponse(decodeResult: success, version: HTTP/1.1)
HTTP/1.1 200 OK
Content-Length: 88
Content-Type: application/json; charset=utf-8
cache-control: no-cache

[DEBUG] Adding key: http://localhost:30061 for channel [id: 0x9ce553a7, L:/127.0.0.1:60552 - R:localhost/127.0.0.1:30061]
[DEBUG] Using pooled Channel &apos;[id: 0x9ce553a7, L:/127.0.0.1:60552 - R:localhost/127.0.0.1:30061]&apos; for &apos;POST&apos; to &apos;http://localhost:30061/session/d32d5a095e68e2c80ec809efdbe9a324/execute/sync&apos;
[DEBUG] Using open Channel [id: 0x9ce553a7, L:/127.0.0.1:60552 - R:localhost/127.0.0.1:30061] for POST &apos;/session/d32d5a095e68e2c80ec809efdbe9a324/execute/sync&apos;
[DEBUG] 

Request DefaultHttpRequest(decodeResult: success, version: HTTP/1.1)
POST /session/d32d5a095e68e2c80ec809efdbe9a324/execute/sync HTTP/1.1
User-Agent: selenium/4.0.0-alpha-5 (java windows)
Content-Length: 49163
Content-Type: application/json; charset=utf-8
host: localhost:30061
accept: */*

Response DefaultHttpResponse(decodeResult: success, version: HTTP/1.1)
HTTP/1.1 200 OK
Content-Length: 14
Content-Type: application/json; charset=utf-8
cache-control: no-cache

[DEBUG] Adding key: http://localhost:30061 for channel [id: 0x9ce553a7, L:/127.0.0.1:60552 - R:localhost/127.0.0.1:30061]
 INFO [main] (PageActions.java:154)- *****Element By.id: Password found on the page*****
[DEBUG] Using pooled Channel &apos;[id: 0x9ce553a7, L:/127.0.0.1:60552 - R:localhost/127.0.0.1:30061]&apos; for &apos;POST&apos; to &apos;http://localhost:30061/session/d32d5a095e68e2c80ec809efdbe9a324/element/c7617e6e-88f2-4b20-8d26-3ffc840422ec/clear&apos;
[DEBUG] Using open Channel [id: 0x9ce553a7, L:/127.0.0.1:60552 - R:localhost/127.0.0.1:30061] for POST &apos;/session/d32d5a095e68e2c80ec809efdbe9a324/element/c7617e6e-88f2-4b20-8d26-3ffc840422ec/clear&apos;
[DEBUG] Entry count for : http://localhost:60553 : 1
[DEBUG] 

Request DefaultHttpRequest(decodeResult: success, version: HTTP/1.1)
POST /session/d32d5a095e68e2c80ec809efdbe9a324/element/c7617e6e-88f2-4b20-8d26-3ffc840422ec/clear HTTP/1.1
User-Agent: selenium/4.0.0-alpha-5 (java windows)
Content-Length: 50
Content-Type: application/json; charset=utf-8
host: localhost:30061
accept: */*

Response DefaultHttpResponse(decodeResult: success, version: HTTP/1.1)
HTTP/1.1 200 OK
Content-Length: 14
Content-Type: application/json; charset=utf-8
cache-control: no-cache

[DEBUG] Adding key: http://localhost:30061 for channel [id: 0x9ce553a7, L:/127.0.0.1:60552 - R:localhost/127.0.0.1:30061]
[DEBUG] Using pooled Channel &apos;[id: 0x9ce553a7, L:/127.0.0.1:60552 - R:localhost/127.0.0.1:30061]&apos; for &apos;POST&apos; to &apos;http://localhost:30061/session/d32d5a095e68e2c80ec809efdbe9a324/element/c7617e6e-88f2-4b20-8d26-3ffc840422ec/value&apos;
[DEBUG] Using open Channel [id: 0x9ce553a7, L:/127.0.0.1:60552 - R:localhost/127.0.0.1:30061] for POST &apos;/session/d32d5a095e68e2c80ec809efdbe9a324/element/c7617e6e-88f2-4b20-8d26-3ffc840422ec/value&apos;
[DEBUG] 

Request DefaultHttpRequest(decodeResult: success, version: HTTP/1.1)
POST /session/d32d5a095e68e2c80ec809efdbe9a324/element/c7617e6e-88f2-4b20-8d26-3ffc840422ec/value HTTP/1.1
User-Agent: selenium/4.0.0-alpha-5 (java windows)
Content-Length: 161
Content-Type: application/json; charset=utf-8
host: localhost:30061
accept: */*

Response DefaultHttpResponse(decodeResult: success, version: HTTP/1.1)
HTTP/1.1 200 OK
Content-Length: 14
Content-Type: application/json; charset=utf-8
cache-control: no-cache

[DEBUG] Adding key: http://localhost:30061 for channel [id: 0x9ce553a7, L:/127.0.0.1:60552 - R:localhost/127.0.0.1:30061]
 INFO [main] (PageActions.java:136)- *****Text: admin123 entered in [[ChromeDriver: chrome on WINDOWS (d32d5a095e68e2c80ec809efdbe9a324)] -&gt; id: Password]*****
[DEBUG] Using pooled Channel &apos;[id: 0x9ce553a7, L:/127.0.0.1:60552 - R:localhost/127.0.0.1:30061]&apos; for &apos;POST&apos; to &apos;http://localhost:30061/session/d32d5a095e68e2c80ec809efdbe9a324/element&apos;
[DEBUG] Using open Channel [id: 0x9ce553a7, L:/127.0.0.1:60552 - R:localhost/127.0.0.1:30061] for POST &apos;/session/d32d5a095e68e2c80ec809efdbe9a324/element&apos;
[DEBUG] 

Request DefaultHttpRequest(decodeResult: success, version: HTTP/1.1)
POST /session/d32d5a095e68e2c80ec809efdbe9a324/element HTTP/1.1
User-Agent: selenium/4.0.0-alpha-5 (java windows)
Content-Length: 71
Content-Type: application/json; charset=utf-8
host: localhost:30061
accept: */*

Response DefaultHttpResponse(decodeResult: success, version: HTTP/1.1)
HTTP/1.1 200 OK
Content-Length: 88
Content-Type: application/json; charset=utf-8
cache-control: no-cache

[DEBUG] Adding key: http://localhost:30061 for channel [id: 0x9ce553a7, L:/127.0.0.1:60552 - R:localhost/127.0.0.1:30061]
[DEBUG] Using pooled Channel &apos;[id: 0x9ce553a7, L:/127.0.0.1:60552 - R:localhost/127.0.0.1:30061]&apos; for &apos;POST&apos; to &apos;http://localhost:30061/session/d32d5a095e68e2c80ec809efdbe9a324/execute/sync&apos;
[DEBUG] Using open Channel [id: 0x9ce553a7, L:/127.0.0.1:60552 - R:localhost/127.0.0.1:30061] for POST &apos;/session/d32d5a095e68e2c80ec809efdbe9a324/execute/sync&apos;
[DEBUG] 

Request DefaultHttpRequest(decodeResult: success, version: HTTP/1.1)
POST /session/d32d5a095e68e2c80ec809efdbe9a324/execute/sync HTTP/1.1
User-Agent: selenium/4.0.0-alpha-5 (java windows)
Content-Length: 49163
Content-Type: application/json; charset=utf-8
host: localhost:30061
accept: */*

Response DefaultHttpResponse(decodeResult: success, version: HTTP/1.1)
HTTP/1.1 200 OK
Content-Length: 14
Content-Type: application/json; charset=utf-8
cache-control: no-cache

[DEBUG] Adding key: http://localhost:30061 for channel [id: 0x9ce553a7, L:/127.0.0.1:60552 - R:localhost/127.0.0.1:30061]
[DEBUG] Using pooled Channel &apos;[id: 0x9ce553a7, L:/127.0.0.1:60552 - R:localhost/127.0.0.1:30061]&apos; for &apos;GET&apos; to &apos;http://localhost:30061/session/d32d5a095e68e2c80ec809efdbe9a324/element/a6d4a2e2-8354-4612-b8b6-60339e0efc90/enabled&apos;
[DEBUG] Using open Channel [id: 0x9ce553a7, L:/127.0.0.1:60552 - R:localhost/127.0.0.1:30061] for GET &apos;/session/d32d5a095e68e2c80ec809efdbe9a324/element/a6d4a2e2-8354-4612-b8b6-60339e0efc90/enabled&apos;
[DEBUG] 

Request DefaultFullHttpRequest(decodeResult: success, version: HTTP/1.1, content: EmptyByteBufBE)
GET /session/d32d5a095e68e2c80ec809efdbe9a324/element/a6d4a2e2-8354-4612-b8b6-60339e0efc90/enabled HTTP/1.1
User-Agent: selenium/4.0.0-alpha-5 (java windows)
Cache-Control: no-cache
host: localhost:30061
accept: */*

Response DefaultHttpResponse(decodeResult: success, version: HTTP/1.1)
HTTP/1.1 200 OK
Content-Length: 14
Content-Type: application/json; charset=utf-8
cache-control: no-cache

[DEBUG] Adding key: http://localhost:30061 for channel [id: 0x9ce553a7, L:/127.0.0.1:60552 - R:localhost/127.0.0.1:30061]
 INFO [main] (PageActions.java:122)- *****Element By.xpath: //input[@value=&apos;Log in&apos;] clickable on the page*****
[DEBUG] Using pooled Channel &apos;[id: 0x9ce553a7, L:/127.0.0.1:60552 - R:localhost/127.0.0.1:30061]&apos; for &apos;POST&apos; to &apos;http://localhost:30061/session/d32d5a095e68e2c80ec809efdbe9a324/element/a6d4a2e2-8354-4612-b8b6-60339e0efc90/click&apos;
[DEBUG] Using open Channel [id: 0x9ce553a7, L:/127.0.0.1:60552 - R:localhost/127.0.0.1:30061] for POST &apos;/session/d32d5a095e68e2c80ec809efdbe9a324/element/a6d4a2e2-8354-4612-b8b6-60339e0efc90/click&apos;
[DEBUG] 

Request DefaultHttpRequest(decodeResult: success, version: HTTP/1.1)
POST /session/d32d5a095e68e2c80ec809efdbe9a324/element/a6d4a2e2-8354-4612-b8b6-60339e0efc90/click HTTP/1.1
User-Agent: selenium/4.0.0-alpha-5 (java windows)
Content-Length: 50
Content-Type: application/json; charset=utf-8
host: localhost:30061
accept: */*

Response DefaultHttpResponse(decodeResult: success, version: HTTP/1.1)
HTTP/1.1 200 OK
Content-Length: 14
Content-Type: application/json; charset=utf-8
cache-control: no-cache

[DEBUG] Adding key: http://localhost:30061 for channel [id: 0x9ce553a7, L:/127.0.0.1:60552 - R:localhost/127.0.0.1:30061]
 INFO [main] (PageActions.java:87)- *****Element clicked : [[ChromeDriver: chrome on WINDOWS (d32d5a095e68e2c80ec809efdbe9a324)] -&gt; xpath: //input[@value=&apos;Log in&apos;]]*****
[DEBUG] Using pooled Channel &apos;[id: 0x9ce553a7, L:/127.0.0.1:60552 - R:localhost/127.0.0.1:30061]&apos; for &apos;POST&apos; to &apos;http://localhost:30061/session/d32d5a095e68e2c80ec809efdbe9a324/execute/sync&apos;
[DEBUG] Using open Channel [id: 0x9ce553a7, L:/127.0.0.1:60552 - R:localhost/127.0.0.1:30061] for POST &apos;/session/d32d5a095e68e2c80ec809efdbe9a324/execute/sync&apos;
[DEBUG] 

Request DefaultHttpRequest(decodeResult: success, version: HTTP/1.1)
POST /session/d32d5a095e68e2c80ec809efdbe9a324/execute/sync HTTP/1.1
User-Agent: selenium/4.0.0-alpha-5 (java windows)
Content-Length: 61
Content-Type: application/json; charset=utf-8
host: localhost:30061
accept: */*

Response DefaultHttpResponse(decodeResult: success, version: HTTP/1.1)
HTTP/1.1 200 OK
Content-Length: 19
Content-Type: application/json; charset=utf-8
cache-control: no-cache

[DEBUG] Adding key: http://localhost:30061 for channel [id: 0x9ce553a7, L:/127.0.0.1:60552 - R:localhost/127.0.0.1:30061]
[DEBUG] Entry count for : http://localhost:30061 : 1
[DEBUG] Entry count for : http://localhost:60553 : 1
[DEBUG] Using pooled Channel &apos;[id: 0x9ce553a7, L:/127.0.0.1:60552 - R:localhost/127.0.0.1:30061]&apos; for &apos;POST&apos; to &apos;http://localhost:30061/session/d32d5a095e68e2c80ec809efdbe9a324/execute/sync&apos;
[DEBUG] Using open Channel [id: 0x9ce553a7, L:/127.0.0.1:60552 - R:localhost/127.0.0.1:30061] for POST &apos;/session/d32d5a095e68e2c80ec809efdbe9a324/execute/sync&apos;
[DEBUG] 

Request DefaultHttpRequest(decodeResult: success, version: HTTP/1.1)
POST /session/d32d5a095e68e2c80ec809efdbe9a324/execute/sync HTTP/1.1
User-Agent: selenium/4.0.0-alpha-5 (java windows)
Content-Length: 61
Content-Type: application/json; charset=utf-8
host: localhost:30061
accept: */*

Response DefaultHttpResponse(decodeResult: success, version: HTTP/1.1)
HTTP/1.1 200 OK
Content-Length: 20
Content-Type: application/json; charset=utf-8
cache-control: no-cache

[DEBUG] Adding key: http://localhost:30061 for channel [id: 0x9ce553a7, L:/127.0.0.1:60552 - R:localhost/127.0.0.1:30061]
 INFO [main] (PageActions.java:173)- *****Page loaded successfully*****
[DEBUG] Using pooled Channel &apos;[id: 0x9ce553a7, L:/127.0.0.1:60552 - R:localhost/127.0.0.1:30061]&apos; for &apos;GET&apos; to &apos;http://localhost:30061/session/d32d5a095e68e2c80ec809efdbe9a324/title&apos;
[DEBUG] Using open Channel [id: 0x9ce553a7, L:/127.0.0.1:60552 - R:localhost/127.0.0.1:30061] for GET &apos;/session/d32d5a095e68e2c80ec809efdbe9a324/title&apos;
[DEBUG] 

Request DefaultFullHttpRequest(decodeResult: success, version: HTTP/1.1, content: EmptyByteBufBE)
GET /session/d32d5a095e68e2c80ec809efdbe9a324/title HTTP/1.1
User-Agent: selenium/4.0.0-alpha-5 (java windows)
Cache-Control: no-cache
host: localhost:30061
accept: */*

Response DefaultHttpResponse(decodeResult: success, version: HTTP/1.1)
HTTP/1.1 200 OK
Content-Length: 29
Content-Type: application/json; charset=utf-8
cache-control: no-cache

[DEBUG] Adding key: http://localhost:30061 for channel [id: 0x9ce553a7, L:/127.0.0.1:60552 - R:localhost/127.0.0.1:30061]
 INFO [main] (PageActions.java:77)- *****The Title of the page : Your store. Login*****
[DEBUG] Using pooled Channel &apos;[id: 0x9ce553a7, L:/127.0.0.1:60552 - R:localhost/127.0.0.1:30061]&apos; for &apos;GET&apos; to &apos;http://localhost:30061/session/d32d5a095e68e2c80ec809efdbe9a324/title&apos;
[DEBUG] Using open Channel [id: 0x9ce553a7, L:/127.0.0.1:60552 - R:localhost/127.0.0.1:30061] for GET &apos;/session/d32d5a095e68e2c80ec809efdbe9a324/title&apos;
[DEBUG] 

Request DefaultFullHttpRequest(decodeResult: success, version: HTTP/1.1, content: EmptyByteBufBE)
GET /session/d32d5a095e68e2c80ec809efdbe9a324/title HTTP/1.1
User-Agent: selenium/4.0.0-alpha-5 (java windows)
Cache-Control: no-cache
host: localhost:30061
accept: */*

Response DefaultHttpResponse(decodeResult: success, version: HTTP/1.1)
HTTP/1.1 200 OK
Content-Length: 29
Content-Type: application/json; charset=utf-8
cache-control: no-cache

[DEBUG] Adding key: http://localhost:30061 for channel [id: 0x9ce553a7, L:/127.0.0.1:60552 - R:localhost/127.0.0.1:30061]
 INFO [main] (Hooks.java:30)- Scenario is failed : Login Data Driven
[DEBUG] Using pooled Channel &apos;[id: 0x9ce553a7, L:/127.0.0.1:60552 - R:localhost/127.0.0.1:30061]&apos; for &apos;GET&apos; to &apos;http://localhost:30061/session/d32d5a095e68e2c80ec809efdbe9a324/screenshot&apos;
[DEBUG] Using open Channel [id: 0x9ce553a7, L:/127.0.0.1:60552 - R:localhost/127.0.0.1:30061] for GET &apos;/session/d32d5a095e68e2c80ec809efdbe9a324/screenshot&apos;
[DEBUG] 

Request DefaultFullHttpRequest(decodeResult: success, version: HTTP/1.1, content: EmptyByteBufBE)
GET /session/d32d5a095e68e2c80ec809efdbe9a324/screenshot HTTP/1.1
User-Agent: selenium/4.0.0-alpha-5 (java windows)
Cache-Control: no-cache
host: localhost:30061
accept: */*

Response DefaultHttpResponse(decodeResult: success, version: HTTP/1.1)
HTTP/1.1 200 OK
Content-Length: 40560
Content-Type: application/json; charset=utf-8
cache-control: no-cache

[DEBUG] Adding key: http://localhost:30061 for channel [id: 0x9ce553a7, L:/127.0.0.1:60552 - R:localhost/127.0.0.1:30061]
 INFO [main] (PageActions.java:185)- *****Screenshot captured successfully*****
[DEBUG] Using pooled Channel &apos;[id: 0x9ce553a7, L:/127.0.0.1:60552 - R:localhost/127.0.0.1:30061]&apos; for &apos;DELETE&apos; to &apos;http://localhost:30061/session/d32d5a095e68e2c80ec809efdbe9a324&apos;
[DEBUG] Using open Channel [id: 0x9ce553a7, L:/127.0.0.1:60552 - R:localhost/127.0.0.1:30061] for DELETE &apos;/session/d32d5a095e68e2c80ec809efdbe9a324&apos;
[DEBUG] Channel Closed: [id: 0x98115c5f, L:/127.0.0.1:60565 ! R:localhost/127.0.0.1:60553] with attribute NettyResponseFuture{currentRetry=5,
	isDone=1,
	isCancelled=0,
	asyncHandler=org.asynchttpclient.ws.WebSocketUpgradeHandler@13a43f7,
	nettyRequest=org.asynchttpclient.netty.request.NettyRequest@38d474,
	future=java.util.concurrent.CompletableFuture@ea53a4[Completed normally],
	uri=ws://localhost:60553/devtools/browser/73ab5eaf-91d5-4dd7-8994-869424b16b7e,
	keepAlive=true,
	redirectCount=0,
	timeoutsHolder=null,
	inAuth=0,
	touch=1588615595900}
[DEBUG] Closing Channel [id: 0x98115c5f, L:/127.0.0.1:60565 ! R:localhost/127.0.0.1:60553] 
[DEBUG] Unexpected I/O exception on channel [id: 0x5cc8e677, L:/127.0.0.1:60564 - R:localhost/127.0.0.1:60553]
java.io.IOException: An existing connection was forcibly closed by the remote host
	at sun.nio.ch.SocketDispatcher.read0(Native Method) ~[na:1.8.0_211]
	at sun.nio.ch.SocketDispatcher.read(SocketDispatcher.java:43) ~[na:1.8.0_211]
	at sun.nio.ch.IOUtil.readIntoNativeBuffer(IOUtil.java:223) ~[na:1.8.0_211]
	at sun.nio.ch.IOUtil.read(IOUtil.java:192) ~[na:1.8.0_211]
	at sun.nio.ch.SocketChannelImpl.read(SocketChannelImpl.java:380) ~[na:1.8.0_211]
	at io.netty.buffer.PooledByteBuf.setBytes(PooledByteBuf.java:253) ~[netty-buffer-4.1.47.Final.jar:4.1.47.Final]
	at io.netty.buffer.AbstractByteBuf.writeBytes(AbstractByteBuf.java:1133) ~[netty-buffer-4.1.47.Final.jar:4.1.47.Final]
	at io.netty.channel.socket.nio.NioSocketChannel.doReadBytes(NioSocketChannel.java:350) ~[netty-transport-4.1.47.Final.jar:4.1.47.Final]
	at io.netty.channel.nio.AbstractNioByteChannel$NioByteUnsafe.read(AbstractNioByteChannel.java:148) ~[netty-transport-4.1.47.Final.jar:4.1.47.Final]
	at io.netty.channel.nio.NioEventLoop.processSelectedKey(NioEventLoop.java:714) [netty-transport-4.1.47.Final.jar:4.1.47.Final]
	at io.netty.channel.nio.NioEventLoop.processSelectedKeysOptimized(NioEventLoop.java:650) [netty-transport-4.1.47.Final.jar:4.1.47.Final]
	at io.netty.channel.nio.NioEventLoop.processSelectedKeys(NioEventLoop.java:576) [netty-transport-4.1.47.Final.jar:4.1.47.Final]
	at io.netty.channel.nio.NioEventLoop.run(NioEventLoop.java:493) [netty-transport-4.1.47.Final.jar:4.1.47.Final]
	at io.netty.util.concurrent.SingleThreadEventExecutor$4.run(SingleThreadEventExecutor.java:989) [netty-common-4.1.47.Final.jar:4.1.47.Final]
	at io.netty.util.internal.ThreadExecutorMap$2.run(ThreadExecutorMap.java:74) [netty-common-4.1.47.Final.jar:4.1.47.Final]
	at io.netty.util.concurrent.FastThreadLocalRunnable.run(FastThreadLocalRunnable.java:30) [netty-common-4.1.47.Final.jar:4.1.47.Final]
	at java.lang.Thread.run(Thread.java:748) [na:1.8.0_211]
[DEBUG] Closing Channel [id: 0x5cc8e677, L:/127.0.0.1:60564 - R:localhost/127.0.0.1:60553] 
[DEBUG] Channel Closed: [id: 0x5cc8e677, L:/127.0.0.1:60564 ! R:localhost/127.0.0.1:60553] with attribute DISCARD
[DEBUG] 

Request DefaultFullHttpRequest(decodeResult: success, version: HTTP/1.1, content: EmptyByteBufBE)
DELETE /session/d32d5a095e68e2c80ec809efdbe9a324 HTTP/1.1
User-Agent: selenium/4.0.0-alpha-5 (java windows)
host: localhost:30061
accept: */*

Response DefaultHttpResponse(decodeResult: success, version: HTTP/1.1)
HTTP/1.1 200 OK
Content-Length: 14
Content-Type: application/json; charset=utf-8
cache-control: no-cache

[DEBUG] Adding key: http://localhost:30061 for channel [id: 0x9ce553a7, L:/127.0.0.1:60552 - R:localhost/127.0.0.1:30061]
[DEBUG] Entry count for : http://localhost:30061 : 1
[DEBUG] Entry count for : http://localhost:60553 : 1
[DEBUG] Adding Candidate expired Channel [id: 0x5cc8e677, L:/127.0.0.1:60564 ! R:localhost/127.0.0.1:60553] isIdleTimeoutExpired=false isRemotelyClosed=true isTtlExpired=false
[DEBUG] Closing Idle Channel [id: 0x5cc8e677, L:/127.0.0.1:60564 ! R:localhost/127.0.0.1:60553]
[DEBUG] Closed 1 connections out of 2 in 0 ms
[DEBUG] Channel Closed: [id: 0x9ce553a7, L:/127.0.0.1:60552 ! R:localhost/127.0.0.1:30061] with attribute DISCARD
</system-out>
    <system-err>May 04, 2020 11:36:35 PM org.openqa.selenium.remote.ProtocolHandshake createSession
INFO: Detected dialect: W3C
</system-err>
  </testcase>
</testsuite>