<?xml version="1.0" encoding="UTF-8"?>
<!-- Generated by org.testng.reporters.JUnitReportReporter -->
<testsuite skipped="0" hostname="SagarChawla-PC" name="TestRunner.TestRun" tests="2" failures="0" timestamp="2020-05-31T10:05:58 IST" time="73.650" errors="0">
  <testcase name="runScenario" time="27.275" classname="TestRunner.TestRun"/>
  <system-out/>
  <testcase name="runScenario" time="46.375" classname="TestRunner.TestRun"/>
  <system-out/>
</testsuite> <!-- TestRunner.TestRun -->
