<?xml version="1.0" encoding="UTF-8"?>
<!-- Generated by org.testng.reporters.JUnitReportReporter -->
<testsuite skipped="0" hostname="SagarChawla-PC" name="TestRunner.TestRun" tests="1" failures="0" timestamp="2020-05-01T23:54:47 IST" time="48.362" errors="0">
  <testcase name="runScenario" time="48.362" classname="TestRunner.TestRun"/>
  <system-out/>
</testsuite> <!-- TestRunner.TestRun -->
